Checking whether the ASM compiler is GNU using "--version" did not match "(GNU assembler)|(GCC)|(Free Software Foundation)":
Apple LLVM version 10.0.0 (clang-1000.11.45.5)
Target: x86_64-apple-darwin17.7.0
Thread model: posix
InstalledDir: /Applications/Xcode.app/Contents/Developer/Toolchains/XcodeDefault.xctoolchain/usr/bin
Checking whether the ASM compiler is Clang using "--version" did not match "(clang version)":
Apple LLVM version 10.0.0 (clang-1000.11.45.5)
Target: x86_64-apple-darwin17.7.0
Thread model: posix
InstalledDir: /Applications/Xcode.app/Contents/Developer/Toolchains/XcodeDefault.xctoolchain/usr/bin
Determining if the include file link.h exists failed with the following output:
Change Dir: /Users/silence/Documents/Github/Me/iOS-Reverse/llvm/Source/llvm_xcode/CMakeFiles/CMakeTmp

Run Build Command(s):/usr/bin/xcodebuild -project CMAKE_TRY_COMPILE.xcodeproj build -target cmTC_e00be -configuration Debug -hideShellScriptEnvironment && User defaults from command line:
    HideShellScriptEnvironment = YES

Prepare build
note: Using legacy build system

=== BUILD TARGET cmTC_e00be OF PROJECT CMAKE_TRY_COMPILE WITH CONFIGURATION Debug ===

Check dependencies

Write auxiliary files
/bin/mkdir -p /Users/silence/Documents/Github/Me/iOS-Reverse/llvm/Source/llvm_xcode/CMakeFiles/CMakeTmp/CMAKE_TRY_COMPILE.build/Debug/cmTC_e00be.build/Objects-normal/x86_64
write-file /Users/silence/Documents/Github/Me/iOS-Reverse/llvm/Source/llvm_xcode/CMakeFiles/CMakeTmp/CMAKE_TRY_COMPILE.build/Debug/cmTC_e00be.build/Objects-normal/x86_64/cmTC_e00be.LinkFileList

CompileC CMAKE_TRY_COMPILE.build/Debug/cmTC_e00be.build/Objects-normal/x86_64/CheckIncludeFile.o CheckIncludeFile.c normal x86_64 c com.apple.compilers.llvm.clang.1_0.compiler
    cd /Users/silence/Documents/Github/Me/iOS-Reverse/llvm/Source/llvm_xcode/CMakeFiles/CMakeTmp
    /Applications/Xcode.app/Contents/Developer/Toolchains/XcodeDefault.xctoolchain/usr/bin/clang -x c -arch x86_64 -fmessage-length=0 -fdiagnostics-show-note-include-stack -fmacro-backtrace-limit=0 -Wno-trigraphs -fpascal-strings -O0 -Wno-missing-field-initializers -Wno-missing-prototypes -Wno-return-type -Wno-missing-braces -Wparentheses -Wswitch -Wno-unused-function -Wno-unused-label -Wno-unused-parameter -Wno-unused-variable -Wunused-value -Wno-empty-body -Wno-uninitialized -Wno-unknown-pragmas -Wno-shadow -Wno-four-char-constants -Wno-conversion -Wno-constant-conversion -Wno-int-conversion -Wno-bool-conversion -Wno-enum-conversion -Wno-float-conversion -Wno-non-literal-null-conversion -Wno-objc-literal-conversion -Wno-shorten-64-to-32 -Wpointer-sign -Wno-newline-eof -DCMAKE_INTDIR=\"Debug\" -isysroot /Applications/Xcode.app/Contents/Developer/Platforms/MacOSX.platform/Developer/SDKs/MacOSX10.14.sdk -fasm-blocks -fstrict-aliasing -Wdeprecated-declarations -mmacosx-version-min=10.13 -g -Wno-sign-conversion -Wno-infinite-recursion -Wno-comma -Wno-block-capture-autoreleasing -Wno-strict-prototypes -Wno-semicolon-before-method-body -I/Users/silence/Documents/Github/Me/iOS-Reverse/llvm/Source/llvm_xcode/CMakeFiles/CMakeTmp/Debug/include -I/Users/silence/Documents/Github/Me/iOS-Reverse/llvm/Source/llvm_xcode/CMakeFiles/CMakeTmp/CMAKE_TRY_COMPILE.build/Debug/cmTC_e00be.build/DerivedSources/x86_64 -I/Users/silence/Documents/Github/Me/iOS-Reverse/llvm/Source/llvm_xcode/CMakeFiles/CMakeTmp/CMAKE_TRY_COMPILE.build/Debug/cmTC_e00be.build/DerivedSources -Wmost -Wno-four-char-constants -Wno-unknown-pragmas -F/Users/silence/Documents/Github/Me/iOS-Reverse/llvm/Source/llvm_xcode/CMakeFiles/CMakeTmp/Debug -MMD -MT dependencies -MF /Users/silence/Documents/Github/Me/iOS-Reverse/llvm/Source/llvm_xcode/CMakeFiles/CMakeTmp/CMAKE_TRY_COMPILE.build/Debug/cmTC_e00be.build/Objects-normal/x86_64/CheckIncludeFile.d --serialize-diagnostics /Users/silence/Documents/Github/Me/iOS-Reverse/llvm/Source/llvm_xcode/CMakeFiles/CMakeTmp/CMAKE_TRY_COMPILE.build/Debug/cmTC_e00be.build/Objects-normal/x86_64/CheckIncludeFile.dia -c /Users/silence/Documents/Github/Me/iOS-Reverse/llvm/Source/llvm_xcode/CMakeFiles/CMakeTmp/CheckIncludeFile.c -o /Users/silence/Documents/Github/Me/iOS-Reverse/llvm/Source/llvm_xcode/CMakeFiles/CMakeTmp/CMAKE_TRY_COMPILE.build/Debug/cmTC_e00be.build/Objects-normal/x86_64/CheckIncludeFile.o
/Users/silence/Documents/Github/Me/iOS-Reverse/llvm/Source/llvm_xcode/CMakeFiles/CMakeTmp/CheckIncludeFile.c:1:10: fatal error: 'link.h' file not found
#include <link.h>
         ^~~~~~~~
1 error generated.

** BUILD FAILED **


The following build commands failed:
	CompileC CMAKE_TRY_COMPILE.build/Debug/cmTC_e00be.build/Objects-normal/x86_64/CheckIncludeFile.o CheckIncludeFile.c normal x86_64 c com.apple.compilers.llvm.clang.1_0.compiler
(1 failure)



Determining if the include file valgrind/valgrind.h exists failed with the following output:
Change Dir: /Users/silence/Documents/Github/Me/iOS-Reverse/llvm/Source/llvm_xcode/CMakeFiles/CMakeTmp

Run Build Command(s):/usr/bin/xcodebuild -project CMAKE_TRY_COMPILE.xcodeproj build -target cmTC_c4c52 -configuration Debug -hideShellScriptEnvironment && User defaults from command line:
    HideShellScriptEnvironment = YES

Prepare build
note: Using legacy build system

=== BUILD TARGET cmTC_c4c52 OF PROJECT CMAKE_TRY_COMPILE WITH CONFIGURATION Debug ===

Check dependencies

Write auxiliary files
/bin/mkdir -p /Users/silence/Documents/Github/Me/iOS-Reverse/llvm/Source/llvm_xcode/CMakeFiles/CMakeTmp/CMAKE_TRY_COMPILE.build/Debug/cmTC_c4c52.build/Objects-normal/x86_64
write-file /Users/silence/Documents/Github/Me/iOS-Reverse/llvm/Source/llvm_xcode/CMakeFiles/CMakeTmp/CMAKE_TRY_COMPILE.build/Debug/cmTC_c4c52.build/Objects-normal/x86_64/cmTC_c4c52.LinkFileList

CompileC CMAKE_TRY_COMPILE.build/Debug/cmTC_c4c52.build/Objects-normal/x86_64/CheckIncludeFile.o CheckIncludeFile.c normal x86_64 c com.apple.compilers.llvm.clang.1_0.compiler
    cd /Users/silence/Documents/Github/Me/iOS-Reverse/llvm/Source/llvm_xcode/CMakeFiles/CMakeTmp
    /Applications/Xcode.app/Contents/Developer/Toolchains/XcodeDefault.xctoolchain/usr/bin/clang -x c -arch x86_64 -fmessage-length=0 -fdiagnostics-show-note-include-stack -fmacro-backtrace-limit=0 -Wno-trigraphs -fpascal-strings -O0 -Wno-missing-field-initializers -Wno-missing-prototypes -Wno-return-type -Wno-missing-braces -Wparentheses -Wswitch -Wno-unused-function -Wno-unused-label -Wno-unused-parameter -Wno-unused-variable -Wunused-value -Wno-empty-body -Wno-uninitialized -Wno-unknown-pragmas -Wno-shadow -Wno-four-char-constants -Wno-conversion -Wno-constant-conversion -Wno-int-conversion -Wno-bool-conversion -Wno-enum-conversion -Wno-float-conversion -Wno-non-literal-null-conversion -Wno-objc-literal-conversion -Wno-shorten-64-to-32 -Wpointer-sign -Wno-newline-eof -DCMAKE_INTDIR=\"Debug\" -isysroot /Applications/Xcode.app/Contents/Developer/Platforms/MacOSX.platform/Developer/SDKs/MacOSX10.14.sdk -fasm-blocks -fstrict-aliasing -Wdeprecated-declarations -mmacosx-version-min=10.13 -g -Wno-sign-conversion -Wno-infinite-recursion -Wno-comma -Wno-block-capture-autoreleasing -Wno-strict-prototypes -Wno-semicolon-before-method-body -I/Users/silence/Documents/Github/Me/iOS-Reverse/llvm/Source/llvm_xcode/CMakeFiles/CMakeTmp/Debug/include -I/Users/silence/Documents/Github/Me/iOS-Reverse/llvm/Source/llvm_xcode/CMakeFiles/CMakeTmp/CMAKE_TRY_COMPILE.build/Debug/cmTC_c4c52.build/DerivedSources/x86_64 -I/Users/silence/Documents/Github/Me/iOS-Reverse/llvm/Source/llvm_xcode/CMakeFiles/CMakeTmp/CMAKE_TRY_COMPILE.build/Debug/cmTC_c4c52.build/DerivedSources -Wmost -Wno-four-char-constants -Wno-unknown-pragmas -F/Users/silence/Documents/Github/Me/iOS-Reverse/llvm/Source/llvm_xcode/CMakeFiles/CMakeTmp/Debug -MMD -MT dependencies -MF /Users/silence/Documents/Github/Me/iOS-Reverse/llvm/Source/llvm_xcode/CMakeFiles/CMakeTmp/CMAKE_TRY_COMPILE.build/Debug/cmTC_c4c52.build/Objects-normal/x86_64/CheckIncludeFile.d --serialize-diagnostics /Users/silence/Documents/Github/Me/iOS-Reverse/llvm/Source/llvm_xcode/CMakeFiles/CMakeTmp/CMAKE_TRY_COMPILE.build/Debug/cmTC_c4c52.build/Objects-normal/x86_64/CheckIncludeFile.dia -c /Users/silence/Documents/Github/Me/iOS-Reverse/llvm/Source/llvm_xcode/CMakeFiles/CMakeTmp/CheckIncludeFile.c -o /Users/silence/Documents/Github/Me/iOS-Reverse/llvm/Source/llvm_xcode/CMakeFiles/CMakeTmp/CMAKE_TRY_COMPILE.build/Debug/cmTC_c4c52.build/Objects-normal/x86_64/CheckIncludeFile.o
/Users/silence/Documents/Github/Me/iOS-Reverse/llvm/Source/llvm_xcode/CMakeFiles/CMakeTmp/CheckIncludeFile.c:1:10: fatal error: 'valgrind/valgrind.h' file not found
#include <valgrind/valgrind.h>
         ^~~~~~~~~~~~~~~~~~~~~
1 error generated.

** BUILD FAILED **


The following build commands failed:
	CompileC CMAKE_TRY_COMPILE.build/Debug/cmTC_c4c52.build/Objects-normal/x86_64/CheckIncludeFile.o CheckIncludeFile.c normal x86_64 c com.apple.compilers.llvm.clang.1_0.compiler
(1 failure)



Determining if the include file CrashReporterClient.h exists failed with the following output:
Change Dir: /Users/silence/Documents/Github/Me/iOS-Reverse/llvm/Source/llvm_xcode/CMakeFiles/CMakeTmp

Run Build Command(s):/usr/bin/xcodebuild -project CMAKE_TRY_COMPILE.xcodeproj build -target cmTC_d7426 -configuration Debug -hideShellScriptEnvironment && User defaults from command line:
    HideShellScriptEnvironment = YES

Prepare build
note: Using legacy build system

=== BUILD TARGET cmTC_d7426 OF PROJECT CMAKE_TRY_COMPILE WITH CONFIGURATION Debug ===

Check dependencies

Write auxiliary files
/bin/mkdir -p /Users/silence/Documents/Github/Me/iOS-Reverse/llvm/Source/llvm_xcode/CMakeFiles/CMakeTmp/CMAKE_TRY_COMPILE.build/Debug/cmTC_d7426.build/Objects-normal/x86_64
write-file /Users/silence/Documents/Github/Me/iOS-Reverse/llvm/Source/llvm_xcode/CMakeFiles/CMakeTmp/CMAKE_TRY_COMPILE.build/Debug/cmTC_d7426.build/Objects-normal/x86_64/cmTC_d7426.LinkFileList

CompileC CMAKE_TRY_COMPILE.build/Debug/cmTC_d7426.build/Objects-normal/x86_64/CheckIncludeFile.o CheckIncludeFile.c normal x86_64 c com.apple.compilers.llvm.clang.1_0.compiler
    cd /Users/silence/Documents/Github/Me/iOS-Reverse/llvm/Source/llvm_xcode/CMakeFiles/CMakeTmp
    /Applications/Xcode.app/Contents/Developer/Toolchains/XcodeDefault.xctoolchain/usr/bin/clang -x c -arch x86_64 -fmessage-length=0 -fdiagnostics-show-note-include-stack -fmacro-backtrace-limit=0 -Wno-trigraphs -fpascal-strings -O0 -Wno-missing-field-initializers -Wno-missing-prototypes -Wno-return-type -Wno-missing-braces -Wparentheses -Wswitch -Wno-unused-function -Wno-unused-label -Wno-unused-parameter -Wno-unused-variable -Wunused-value -Wno-empty-body -Wno-uninitialized -Wno-unknown-pragmas -Wno-shadow -Wno-four-char-constants -Wno-conversion -Wno-constant-conversion -Wno-int-conversion -Wno-bool-conversion -Wno-enum-conversion -Wno-float-conversion -Wno-non-literal-null-conversion -Wno-objc-literal-conversion -Wno-shorten-64-to-32 -Wpointer-sign -Wno-newline-eof -DCMAKE_INTDIR=\"Debug\" -isysroot /Applications/Xcode.app/Contents/Developer/Platforms/MacOSX.platform/Developer/SDKs/MacOSX10.14.sdk -fasm-blocks -fstrict-aliasing -Wdeprecated-declarations -mmacosx-version-min=10.13 -g -Wno-sign-conversion -Wno-infinite-recursion -Wno-comma -Wno-block-capture-autoreleasing -Wno-strict-prototypes -Wno-semicolon-before-method-body -I/Users/silence/Documents/Github/Me/iOS-Reverse/llvm/Source/llvm_xcode/CMakeFiles/CMakeTmp/Debug/include -I/Users/silence/Documents/Github/Me/iOS-Reverse/llvm/Source/llvm_xcode/CMakeFiles/CMakeTmp/CMAKE_TRY_COMPILE.build/Debug/cmTC_d7426.build/DerivedSources/x86_64 -I/Users/silence/Documents/Github/Me/iOS-Reverse/llvm/Source/llvm_xcode/CMakeFiles/CMakeTmp/CMAKE_TRY_COMPILE.build/Debug/cmTC_d7426.build/DerivedSources -Wmost -Wno-four-char-constants -Wno-unknown-pragmas -F/Users/silence/Documents/Github/Me/iOS-Reverse/llvm/Source/llvm_xcode/CMakeFiles/CMakeTmp/Debug -MMD -MT dependencies -MF /Users/silence/Documents/Github/Me/iOS-Reverse/llvm/Source/llvm_xcode/CMakeFiles/CMakeTmp/CMAKE_TRY_COMPILE.build/Debug/cmTC_d7426.build/Objects-normal/x86_64/CheckIncludeFile.d --serialize-diagnostics /Users/silence/Documents/Github/Me/iOS-Reverse/llvm/Source/llvm_xcode/CMakeFiles/CMakeTmp/CMAKE_TRY_COMPILE.build/Debug/cmTC_d7426.build/Objects-normal/x86_64/CheckIncludeFile.dia -c /Users/silence/Documents/Github/Me/iOS-Reverse/llvm/Source/llvm_xcode/CMakeFiles/CMakeTmp/CheckIncludeFile.c -o /Users/silence/Documents/Github/Me/iOS-Reverse/llvm/Source/llvm_xcode/CMakeFiles/CMakeTmp/CMAKE_TRY_COMPILE.build/Debug/cmTC_d7426.build/Objects-normal/x86_64/CheckIncludeFile.o
/Users/silence/Documents/Github/Me/iOS-Reverse/llvm/Source/llvm_xcode/CMakeFiles/CMakeTmp/CheckIncludeFile.c:1:10: fatal error: 'CrashReporterClient.h' file not found
#include <CrashReporterClient.h>
         ^~~~~~~~~~~~~~~~~~~~~~~
1 error generated.

** BUILD FAILED **


The following build commands failed:
	CompileC CMAKE_TRY_COMPILE.build/Debug/cmTC_d7426.build/Objects-normal/x86_64/CheckIncludeFile.o CheckIncludeFile.c normal x86_64 c com.apple.compilers.llvm.clang.1_0.compiler
(1 failure)



Determining if the function clock_gettime exists in the rt failed with the following output:
Change Dir: /Users/silence/Documents/Github/Me/iOS-Reverse/llvm/Source/llvm_xcode/CMakeFiles/CMakeTmp

Run Build Command(s):/usr/bin/xcodebuild -project CMAKE_TRY_COMPILE.xcodeproj build -target cmTC_55b09 -configuration Debug -hideShellScriptEnvironment && User defaults from command line:
    HideShellScriptEnvironment = YES

Prepare build
note: Using legacy build system

=== BUILD TARGET cmTC_55b09 OF PROJECT CMAKE_TRY_COMPILE WITH CONFIGURATION Debug ===

Check dependencies

Write auxiliary files
/bin/mkdir -p /Users/silence/Documents/Github/Me/iOS-Reverse/llvm/Source/llvm_xcode/CMakeFiles/CMakeTmp/CMAKE_TRY_COMPILE.build/Debug/cmTC_55b09.build/Objects-normal/x86_64
write-file /Users/silence/Documents/Github/Me/iOS-Reverse/llvm/Source/llvm_xcode/CMakeFiles/CMakeTmp/CMAKE_TRY_COMPILE.build/Debug/cmTC_55b09.build/Objects-normal/x86_64/cmTC_55b09.LinkFileList

CompileC CMAKE_TRY_COMPILE.build/Debug/cmTC_55b09.build/Objects-normal/x86_64/CheckFunctionExists.o /usr/local/Cellar/cmake/3.15.1/share/cmake/Modules/CheckFunctionExists.c normal x86_64 c com.apple.compilers.llvm.clang.1_0.compiler
    cd /Users/silence/Documents/Github/Me/iOS-Reverse/llvm/Source/llvm_xcode/CMakeFiles/CMakeTmp
    /Applications/Xcode.app/Contents/Developer/Toolchains/XcodeDefault.xctoolchain/usr/bin/clang -x c -arch x86_64 -fmessage-length=0 -fdiagnostics-show-note-include-stack -fmacro-backtrace-limit=0 -Wno-trigraphs -fpascal-strings -O0 -Wno-missing-field-initializers -Wno-missing-prototypes -Wno-return-type -Wno-missing-braces -Wparentheses -Wswitch -Wno-unused-function -Wno-unused-label -Wno-unused-parameter -Wno-unused-variable -Wunused-value -Wno-empty-body -Wno-uninitialized -Wno-unknown-pragmas -Wno-shadow -Wno-four-char-constants -Wno-conversion -Wno-constant-conversion -Wno-int-conversion -Wno-bool-conversion -Wno-enum-conversion -Wno-float-conversion -Wno-non-literal-null-conversion -Wno-objc-literal-conversion -Wno-shorten-64-to-32 -Wpointer-sign -Wno-newline-eof -DCMAKE_INTDIR=\"Debug\" -isysroot /Applications/Xcode.app/Contents/Developer/Platforms/MacOSX.platform/Developer/SDKs/MacOSX10.14.sdk -fasm-blocks -fstrict-aliasing -Wdeprecated-declarations -mmacosx-version-min=10.13 -g -Wno-sign-conversion -Wno-infinite-recursion -Wno-comma -Wno-block-capture-autoreleasing -Wno-strict-prototypes -Wno-semicolon-before-method-body -I/Users/silence/Documents/Github/Me/iOS-Reverse/llvm/Source/llvm_xcode/CMakeFiles/CMakeTmp/Debug/include -I/Users/silence/Documents/Github/Me/iOS-Reverse/llvm/Source/llvm_xcode/CMakeFiles/CMakeTmp/CMAKE_TRY_COMPILE.build/Debug/cmTC_55b09.build/DerivedSources/x86_64 -I/Users/silence/Documents/Github/Me/iOS-Reverse/llvm/Source/llvm_xcode/CMakeFiles/CMakeTmp/CMAKE_TRY_COMPILE.build/Debug/cmTC_55b09.build/DerivedSources -Wmost -Wno-four-char-constants -Wno-unknown-pragmas -F/Users/silence/Documents/Github/Me/iOS-Reverse/llvm/Source/llvm_xcode/CMakeFiles/CMakeTmp/Debug -DCHECK_FUNCTION_EXISTS=clock_gettime -MMD -MT dependencies -MF /Users/silence/Documents/Github/Me/iOS-Reverse/llvm/Source/llvm_xcode/CMakeFiles/CMakeTmp/CMAKE_TRY_COMPILE.build/Debug/cmTC_55b09.build/Objects-normal/x86_64/CheckFunctionExists.d --serialize-diagnostics /Users/silence/Documents/Github/Me/iOS-Reverse/llvm/Source/llvm_xcode/CMakeFiles/CMakeTmp/CMAKE_TRY_COMPILE.build/Debug/cmTC_55b09.build/Objects-normal/x86_64/CheckFunctionExists.dia -c /usr/local/Cellar/cmake/3.15.1/share/cmake/Modules/CheckFunctionExists.c -o /Users/silence/Documents/Github/Me/iOS-Reverse/llvm/Source/llvm_xcode/CMakeFiles/CMakeTmp/CMAKE_TRY_COMPILE.build/Debug/cmTC_55b09.build/Objects-normal/x86_64/CheckFunctionExists.o

Ld Debug/cmTC_55b09 normal x86_64
    cd /Users/silence/Documents/Github/Me/iOS-Reverse/llvm/Source/llvm_xcode/CMakeFiles/CMakeTmp
    /Applications/Xcode.app/Contents/Developer/Toolchains/XcodeDefault.xctoolchain/usr/bin/clang -arch x86_64 -isysroot /Applications/Xcode.app/Contents/Developer/Platforms/MacOSX.platform/Developer/SDKs/MacOSX10.14.sdk -L/Users/silence/Documents/Github/Me/iOS-Reverse/llvm/Source/llvm_xcode/CMakeFiles/CMakeTmp/Debug -F/Users/silence/Documents/Github/Me/iOS-Reverse/llvm/Source/llvm_xcode/CMakeFiles/CMakeTmp/Debug -filelist /Users/silence/Documents/Github/Me/iOS-Reverse/llvm/Source/llvm_xcode/CMakeFiles/CMakeTmp/CMAKE_TRY_COMPILE.build/Debug/cmTC_55b09.build/Objects-normal/x86_64/cmTC_55b09.LinkFileList -mmacosx-version-min=10.13 -Xlinker -object_path_lto -Xlinker /Users/silence/Documents/Github/Me/iOS-Reverse/llvm/Source/llvm_xcode/CMakeFiles/CMakeTmp/CMAKE_TRY_COMPILE.build/Debug/cmTC_55b09.build/Objects-normal/x86_64/cmTC_55b09_lto.o -Xlinker -no_deduplicate -Wl,-search_paths_first -Wl,-headerpad_max_install_names -lrt -lm -Xlinker -dependency_info -Xlinker /Users/silence/Documents/Github/Me/iOS-Reverse/llvm/Source/llvm_xcode/CMakeFiles/CMakeTmp/CMAKE_TRY_COMPILE.build/Debug/cmTC_55b09.build/Objects-normal/x86_64/cmTC_55b09_dependency_info.dat -o /Users/silence/Documents/Github/Me/iOS-Reverse/llvm/Source/llvm_xcode/CMakeFiles/CMakeTmp/Debug/cmTC_55b09
ld: library not found for -lrt
clang: error: linker command failed with exit code 1 (use -v to see invocation)

** BUILD FAILED **


The following build commands failed:
	Ld Debug/cmTC_55b09 normal x86_64
(1 failure)



Determining if the function pfm_initialize exists in the pfm failed with the following output:
Change Dir: /Users/silence/Documents/Github/Me/iOS-Reverse/llvm/Source/llvm_xcode/CMakeFiles/CMakeTmp

Run Build Command(s):/usr/bin/xcodebuild -project CMAKE_TRY_COMPILE.xcodeproj build -target cmTC_ad8d1 -configuration Debug -hideShellScriptEnvironment && User defaults from command line:
    HideShellScriptEnvironment = YES

Prepare build
note: Using legacy build system

=== BUILD TARGET cmTC_ad8d1 OF PROJECT CMAKE_TRY_COMPILE WITH CONFIGURATION Debug ===

Check dependencies

Write auxiliary files
/bin/mkdir -p /Users/silence/Documents/Github/Me/iOS-Reverse/llvm/Source/llvm_xcode/CMakeFiles/CMakeTmp/CMAKE_TRY_COMPILE.build/Debug/cmTC_ad8d1.build/Objects-normal/x86_64
write-file /Users/silence/Documents/Github/Me/iOS-Reverse/llvm/Source/llvm_xcode/CMakeFiles/CMakeTmp/CMAKE_TRY_COMPILE.build/Debug/cmTC_ad8d1.build/Objects-normal/x86_64/cmTC_ad8d1.LinkFileList

CompileC CMAKE_TRY_COMPILE.build/Debug/cmTC_ad8d1.build/Objects-normal/x86_64/CheckFunctionExists.o /usr/local/Cellar/cmake/3.15.1/share/cmake/Modules/CheckFunctionExists.c normal x86_64 c com.apple.compilers.llvm.clang.1_0.compiler
    cd /Users/silence/Documents/Github/Me/iOS-Reverse/llvm/Source/llvm_xcode/CMakeFiles/CMakeTmp
    /Applications/Xcode.app/Contents/Developer/Toolchains/XcodeDefault.xctoolchain/usr/bin/clang -x c -arch x86_64 -fmessage-length=0 -fdiagnostics-show-note-include-stack -fmacro-backtrace-limit=0 -Wno-trigraphs -fpascal-strings -O0 -Wno-missing-field-initializers -Wno-missing-prototypes -Wno-return-type -Wno-missing-braces -Wparentheses -Wswitch -Wno-unused-function -Wno-unused-label -Wno-unused-parameter -Wno-unused-variable -Wunused-value -Wno-empty-body -Wno-uninitialized -Wno-unknown-pragmas -Wno-shadow -Wno-four-char-constants -Wno-conversion -Wno-constant-conversion -Wno-int-conversion -Wno-bool-conversion -Wno-enum-conversion -Wno-float-conversion -Wno-non-literal-null-conversion -Wno-objc-literal-conversion -Wno-shorten-64-to-32 -Wpointer-sign -Wno-newline-eof -DCMAKE_INTDIR=\"Debug\" -isysroot /Applications/Xcode.app/Contents/Developer/Platforms/MacOSX.platform/Developer/SDKs/MacOSX10.14.sdk -fasm-blocks -fstrict-aliasing -Wdeprecated-declarations -mmacosx-version-min=10.13 -g -Wno-sign-conversion -Wno-infinite-recursion -Wno-comma -Wno-block-capture-autoreleasing -Wno-strict-prototypes -Wno-semicolon-before-method-body -I/Users/silence/Documents/Github/Me/iOS-Reverse/llvm/Source/llvm_xcode/CMakeFiles/CMakeTmp/Debug/include -I/Users/silence/Documents/Github/Me/iOS-Reverse/llvm/Source/llvm_xcode/CMakeFiles/CMakeTmp/CMAKE_TRY_COMPILE.build/Debug/cmTC_ad8d1.build/DerivedSources/x86_64 -I/Users/silence/Documents/Github/Me/iOS-Reverse/llvm/Source/llvm_xcode/CMakeFiles/CMakeTmp/CMAKE_TRY_COMPILE.build/Debug/cmTC_ad8d1.build/DerivedSources -Wmost -Wno-four-char-constants -Wno-unknown-pragmas -F/Users/silence/Documents/Github/Me/iOS-Reverse/llvm/Source/llvm_xcode/CMakeFiles/CMakeTmp/Debug -DCHECK_FUNCTION_EXISTS=pfm_initialize -MMD -MT dependencies -MF /Users/silence/Documents/Github/Me/iOS-Reverse/llvm/Source/llvm_xcode/CMakeFiles/CMakeTmp/CMAKE_TRY_COMPILE.build/Debug/cmTC_ad8d1.build/Objects-normal/x86_64/CheckFunctionExists.d --serialize-diagnostics /Users/silence/Documents/Github/Me/iOS-Reverse/llvm/Source/llvm_xcode/CMakeFiles/CMakeTmp/CMAKE_TRY_COMPILE.build/Debug/cmTC_ad8d1.build/Objects-normal/x86_64/CheckFunctionExists.dia -c /usr/local/Cellar/cmake/3.15.1/share/cmake/Modules/CheckFunctionExists.c -o /Users/silence/Documents/Github/Me/iOS-Reverse/llvm/Source/llvm_xcode/CMakeFiles/CMakeTmp/CMAKE_TRY_COMPILE.build/Debug/cmTC_ad8d1.build/Objects-normal/x86_64/CheckFunctionExists.o

Ld Debug/cmTC_ad8d1 normal x86_64
    cd /Users/silence/Documents/Github/Me/iOS-Reverse/llvm/Source/llvm_xcode/CMakeFiles/CMakeTmp
    /Applications/Xcode.app/Contents/Developer/Toolchains/XcodeDefault.xctoolchain/usr/bin/clang -arch x86_64 -isysroot /Applications/Xcode.app/Contents/Developer/Platforms/MacOSX.platform/Developer/SDKs/MacOSX10.14.sdk -L/Users/silence/Documents/Github/Me/iOS-Reverse/llvm/Source/llvm_xcode/CMakeFiles/CMakeTmp/Debug -F/Users/silence/Documents/Github/Me/iOS-Reverse/llvm/Source/llvm_xcode/CMakeFiles/CMakeTmp/Debug -filelist /Users/silence/Documents/Github/Me/iOS-Reverse/llvm/Source/llvm_xcode/CMakeFiles/CMakeTmp/CMAKE_TRY_COMPILE.build/Debug/cmTC_ad8d1.build/Objects-normal/x86_64/cmTC_ad8d1.LinkFileList -mmacosx-version-min=10.13 -Xlinker -object_path_lto -Xlinker /Users/silence/Documents/Github/Me/iOS-Reverse/llvm/Source/llvm_xcode/CMakeFiles/CMakeTmp/CMAKE_TRY_COMPILE.build/Debug/cmTC_ad8d1.build/Objects-normal/x86_64/cmTC_ad8d1_lto.o -Xlinker -no_deduplicate -Wl,-search_paths_first -Wl,-headerpad_max_install_names -lpfm -lm -Xlinker -dependency_info -Xlinker /Users/silence/Documents/Github/Me/iOS-Reverse/llvm/Source/llvm_xcode/CMakeFiles/CMakeTmp/CMAKE_TRY_COMPILE.build/Debug/cmTC_ad8d1.build/Objects-normal/x86_64/cmTC_ad8d1_dependency_info.dat -o /Users/silence/Documents/Github/Me/iOS-Reverse/llvm/Source/llvm_xcode/CMakeFiles/CMakeTmp/Debug/cmTC_ad8d1
ld: library not found for -lpfm
clang: error: linker command failed with exit code 1 (use -v to see invocation)

** BUILD FAILED **


The following build commands failed:
	Ld Debug/cmTC_ad8d1 normal x86_64
(1 failure)



Determining if the function setupterm exists in the terminfo failed with the following output:
Change Dir: /Users/silence/Documents/Github/Me/iOS-Reverse/llvm/Source/llvm_xcode/CMakeFiles/CMakeTmp

Run Build Command(s):/usr/bin/xcodebuild -project CMAKE_TRY_COMPILE.xcodeproj build -target cmTC_b3aec -configuration Debug -hideShellScriptEnvironment && User defaults from command line:
    HideShellScriptEnvironment = YES

Prepare build
note: Using legacy build system

=== BUILD TARGET cmTC_b3aec OF PROJECT CMAKE_TRY_COMPILE WITH CONFIGURATION Debug ===

Check dependencies

Write auxiliary files
/bin/mkdir -p /Users/silence/Documents/Github/Me/iOS-Reverse/llvm/Source/llvm_xcode/CMakeFiles/CMakeTmp/CMAKE_TRY_COMPILE.build/Debug/cmTC_b3aec.build/Objects-normal/x86_64
write-file /Users/silence/Documents/Github/Me/iOS-Reverse/llvm/Source/llvm_xcode/CMakeFiles/CMakeTmp/CMAKE_TRY_COMPILE.build/Debug/cmTC_b3aec.build/Objects-normal/x86_64/cmTC_b3aec.LinkFileList

CompileC CMAKE_TRY_COMPILE.build/Debug/cmTC_b3aec.build/Objects-normal/x86_64/CheckFunctionExists.o /usr/local/Cellar/cmake/3.15.1/share/cmake/Modules/CheckFunctionExists.c normal x86_64 c com.apple.compilers.llvm.clang.1_0.compiler
    cd /Users/silence/Documents/Github/Me/iOS-Reverse/llvm/Source/llvm_xcode/CMakeFiles/CMakeTmp
    /Applications/Xcode.app/Contents/Developer/Toolchains/XcodeDefault.xctoolchain/usr/bin/clang -x c -arch x86_64 -fmessage-length=0 -fdiagnostics-show-note-include-stack -fmacro-backtrace-limit=0 -Wno-trigraphs -fpascal-strings -O0 -Wno-missing-field-initializers -Wno-missing-prototypes -Wno-return-type -Wno-missing-braces -Wparentheses -Wswitch -Wno-unused-function -Wno-unused-label -Wno-unused-parameter -Wno-unused-variable -Wunused-value -Wno-empty-body -Wno-uninitialized -Wno-unknown-pragmas -Wno-shadow -Wno-four-char-constants -Wno-conversion -Wno-constant-conversion -Wno-int-conversion -Wno-bool-conversion -Wno-enum-conversion -Wno-float-conversion -Wno-non-literal-null-conversion -Wno-objc-literal-conversion -Wno-shorten-64-to-32 -Wpointer-sign -Wno-newline-eof -DCMAKE_INTDIR=\"Debug\" -isysroot /Applications/Xcode.app/Contents/Developer/Platforms/MacOSX.platform/Developer/SDKs/MacOSX10.14.sdk -fasm-blocks -fstrict-aliasing -Wdeprecated-declarations -mmacosx-version-min=10.13 -g -Wno-sign-conversion -Wno-infinite-recursion -Wno-comma -Wno-block-capture-autoreleasing -Wno-strict-prototypes -Wno-semicolon-before-method-body -I/Users/silence/Documents/Github/Me/iOS-Reverse/llvm/Source/llvm_xcode/CMakeFiles/CMakeTmp/Debug/include -I/Users/silence/Documents/Github/Me/iOS-Reverse/llvm/Source/llvm_xcode/CMakeFiles/CMakeTmp/CMAKE_TRY_COMPILE.build/Debug/cmTC_b3aec.build/DerivedSources/x86_64 -I/Users/silence/Documents/Github/Me/iOS-Reverse/llvm/Source/llvm_xcode/CMakeFiles/CMakeTmp/CMAKE_TRY_COMPILE.build/Debug/cmTC_b3aec.build/DerivedSources -Wmost -Wno-four-char-constants -Wno-unknown-pragmas -F/Users/silence/Documents/Github/Me/iOS-Reverse/llvm/Source/llvm_xcode/CMakeFiles/CMakeTmp/Debug -DCHECK_FUNCTION_EXISTS=setupterm -MMD -MT dependencies -MF /Users/silence/Documents/Github/Me/iOS-Reverse/llvm/Source/llvm_xcode/CMakeFiles/CMakeTmp/CMAKE_TRY_COMPILE.build/Debug/cmTC_b3aec.build/Objects-normal/x86_64/CheckFunctionExists.d --serialize-diagnostics /Users/silence/Documents/Github/Me/iOS-Reverse/llvm/Source/llvm_xcode/CMakeFiles/CMakeTmp/CMAKE_TRY_COMPILE.build/Debug/cmTC_b3aec.build/Objects-normal/x86_64/CheckFunctionExists.dia -c /usr/local/Cellar/cmake/3.15.1/share/cmake/Modules/CheckFunctionExists.c -o /Users/silence/Documents/Github/Me/iOS-Reverse/llvm/Source/llvm_xcode/CMakeFiles/CMakeTmp/CMAKE_TRY_COMPILE.build/Debug/cmTC_b3aec.build/Objects-normal/x86_64/CheckFunctionExists.o

Ld Debug/cmTC_b3aec normal x86_64
    cd /Users/silence/Documents/Github/Me/iOS-Reverse/llvm/Source/llvm_xcode/CMakeFiles/CMakeTmp
    /Applications/Xcode.app/Contents/Developer/Toolchains/XcodeDefault.xctoolchain/usr/bin/clang -arch x86_64 -isysroot /Applications/Xcode.app/Contents/Developer/Platforms/MacOSX.platform/Developer/SDKs/MacOSX10.14.sdk -L/Users/silence/Documents/Github/Me/iOS-Reverse/llvm/Source/llvm_xcode/CMakeFiles/CMakeTmp/Debug -F/Users/silence/Documents/Github/Me/iOS-Reverse/llvm/Source/llvm_xcode/CMakeFiles/CMakeTmp/Debug -filelist /Users/silence/Documents/Github/Me/iOS-Reverse/llvm/Source/llvm_xcode/CMakeFiles/CMakeTmp/CMAKE_TRY_COMPILE.build/Debug/cmTC_b3aec.build/Objects-normal/x86_64/cmTC_b3aec.LinkFileList -mmacosx-version-min=10.13 -Xlinker -object_path_lto -Xlinker /Users/silence/Documents/Github/Me/iOS-Reverse/llvm/Source/llvm_xcode/CMakeFiles/CMakeTmp/CMAKE_TRY_COMPILE.build/Debug/cmTC_b3aec.build/Objects-normal/x86_64/cmTC_b3aec_lto.o -Xlinker -no_deduplicate -Wl,-search_paths_first -Wl,-headerpad_max_install_names -lterminfo -lm -Xlinker -dependency_info -Xlinker /Users/silence/Documents/Github/Me/iOS-Reverse/llvm/Source/llvm_xcode/CMakeFiles/CMakeTmp/CMAKE_TRY_COMPILE.build/Debug/cmTC_b3aec.build/Objects-normal/x86_64/cmTC_b3aec_dependency_info.dat -o /Users/silence/Documents/Github/Me/iOS-Reverse/llvm/Source/llvm_xcode/CMakeFiles/CMakeTmp/Debug/cmTC_b3aec
ld: library not found for -lterminfo
clang: error: linker command failed with exit code 1 (use -v to see invocation)

** BUILD FAILED **


The following build commands failed:
	Ld Debug/cmTC_b3aec normal x86_64
(1 failure)



Determining if the function setupterm exists in the tinfo failed with the following output:
Change Dir: /Users/silence/Documents/Github/Me/iOS-Reverse/llvm/Source/llvm_xcode/CMakeFiles/CMakeTmp

Run Build Command(s):/usr/bin/xcodebuild -project CMAKE_TRY_COMPILE.xcodeproj build -target cmTC_c433c -configuration Debug -hideShellScriptEnvironment && User defaults from command line:
    HideShellScriptEnvironment = YES

Prepare build
note: Using legacy build system

=== BUILD TARGET cmTC_c433c OF PROJECT CMAKE_TRY_COMPILE WITH CONFIGURATION Debug ===

Check dependencies

Write auxiliary files
/bin/mkdir -p /Users/silence/Documents/Github/Me/iOS-Reverse/llvm/Source/llvm_xcode/CMakeFiles/CMakeTmp/CMAKE_TRY_COMPILE.build/Debug/cmTC_c433c.build/Objects-normal/x86_64
write-file /Users/silence/Documents/Github/Me/iOS-Reverse/llvm/Source/llvm_xcode/CMakeFiles/CMakeTmp/CMAKE_TRY_COMPILE.build/Debug/cmTC_c433c.build/Objects-normal/x86_64/cmTC_c433c.LinkFileList

CompileC CMAKE_TRY_COMPILE.build/Debug/cmTC_c433c.build/Objects-normal/x86_64/CheckFunctionExists.o /usr/local/Cellar/cmake/3.15.1/share/cmake/Modules/CheckFunctionExists.c normal x86_64 c com.apple.compilers.llvm.clang.1_0.compiler
    cd /Users/silence/Documents/Github/Me/iOS-Reverse/llvm/Source/llvm_xcode/CMakeFiles/CMakeTmp
    /Applications/Xcode.app/Contents/Developer/Toolchains/XcodeDefault.xctoolchain/usr/bin/clang -x c -arch x86_64 -fmessage-length=0 -fdiagnostics-show-note-include-stack -fmacro-backtrace-limit=0 -Wno-trigraphs -fpascal-strings -O0 -Wno-missing-field-initializers -Wno-missing-prototypes -Wno-return-type -Wno-missing-braces -Wparentheses -Wswitch -Wno-unused-function -Wno-unused-label -Wno-unused-parameter -Wno-unused-variable -Wunused-value -Wno-empty-body -Wno-uninitialized -Wno-unknown-pragmas -Wno-shadow -Wno-four-char-constants -Wno-conversion -Wno-constant-conversion -Wno-int-conversion -Wno-bool-conversion -Wno-enum-conversion -Wno-float-conversion -Wno-non-literal-null-conversion -Wno-objc-literal-conversion -Wno-shorten-64-to-32 -Wpointer-sign -Wno-newline-eof -DCMAKE_INTDIR=\"Debug\" -isysroot /Applications/Xcode.app/Contents/Developer/Platforms/MacOSX.platform/Developer/SDKs/MacOSX10.14.sdk -fasm-blocks -fstrict-aliasing -Wdeprecated-declarations -mmacosx-version-min=10.13 -g -Wno-sign-conversion -Wno-infinite-recursion -Wno-comma -Wno-block-capture-autoreleasing -Wno-strict-prototypes -Wno-semicolon-before-method-body -I/Users/silence/Documents/Github/Me/iOS-Reverse/llvm/Source/llvm_xcode/CMakeFiles/CMakeTmp/Debug/include -I/Users/silence/Documents/Github/Me/iOS-Reverse/llvm/Source/llvm_xcode/CMakeFiles/CMakeTmp/CMAKE_TRY_COMPILE.build/Debug/cmTC_c433c.build/DerivedSources/x86_64 -I/Users/silence/Documents/Github/Me/iOS-Reverse/llvm/Source/llvm_xcode/CMakeFiles/CMakeTmp/CMAKE_TRY_COMPILE.build/Debug/cmTC_c433c.build/DerivedSources -Wmost -Wno-four-char-constants -Wno-unknown-pragmas -F/Users/silence/Documents/Github/Me/iOS-Reverse/llvm/Source/llvm_xcode/CMakeFiles/CMakeTmp/Debug -DCHECK_FUNCTION_EXISTS=setupterm -MMD -MT dependencies -MF /Users/silence/Documents/Github/Me/iOS-Reverse/llvm/Source/llvm_xcode/CMakeFiles/CMakeTmp/CMAKE_TRY_COMPILE.build/Debug/cmTC_c433c.build/Objects-normal/x86_64/CheckFunctionExists.d --serialize-diagnostics /Users/silence/Documents/Github/Me/iOS-Reverse/llvm/Source/llvm_xcode/CMakeFiles/CMakeTmp/CMAKE_TRY_COMPILE.build/Debug/cmTC_c433c.build/Objects-normal/x86_64/CheckFunctionExists.dia -c /usr/local/Cellar/cmake/3.15.1/share/cmake/Modules/CheckFunctionExists.c -o /Users/silence/Documents/Github/Me/iOS-Reverse/llvm/Source/llvm_xcode/CMakeFiles/CMakeTmp/CMAKE_TRY_COMPILE.build/Debug/cmTC_c433c.build/Objects-normal/x86_64/CheckFunctionExists.o

Ld Debug/cmTC_c433c normal x86_64
    cd /Users/silence/Documents/Github/Me/iOS-Reverse/llvm/Source/llvm_xcode/CMakeFiles/CMakeTmp
    /Applications/Xcode.app/Contents/Developer/Toolchains/XcodeDefault.xctoolchain/usr/bin/clang -arch x86_64 -isysroot /Applications/Xcode.app/Contents/Developer/Platforms/MacOSX.platform/Developer/SDKs/MacOSX10.14.sdk -L/Users/silence/Documents/Github/Me/iOS-Reverse/llvm/Source/llvm_xcode/CMakeFiles/CMakeTmp/Debug -F/Users/silence/Documents/Github/Me/iOS-Reverse/llvm/Source/llvm_xcode/CMakeFiles/CMakeTmp/Debug -filelist /Users/silence/Documents/Github/Me/iOS-Reverse/llvm/Source/llvm_xcode/CMakeFiles/CMakeTmp/CMAKE_TRY_COMPILE.build/Debug/cmTC_c433c.build/Objects-normal/x86_64/cmTC_c433c.LinkFileList -mmacosx-version-min=10.13 -Xlinker -object_path_lto -Xlinker /Users/silence/Documents/Github/Me/iOS-Reverse/llvm/Source/llvm_xcode/CMakeFiles/CMakeTmp/CMAKE_TRY_COMPILE.build/Debug/cmTC_c433c.build/Objects-normal/x86_64/cmTC_c433c_lto.o -Xlinker -no_deduplicate -Wl,-search_paths_first -Wl,-headerpad_max_install_names -ltinfo -lm -Xlinker -dependency_info -Xlinker /Users/silence/Documents/Github/Me/iOS-Reverse/llvm/Source/llvm_xcode/CMakeFiles/CMakeTmp/CMAKE_TRY_COMPILE.build/Debug/cmTC_c433c.build/Objects-normal/x86_64/cmTC_c433c_dependency_info.dat -o /Users/silence/Documents/Github/Me/iOS-Reverse/llvm/Source/llvm_xcode/CMakeFiles/CMakeTmp/Debug/cmTC_c433c
ld: library not found for -ltinfo
clang: error: linker command failed with exit code 1 (use -v to see invocation)

** BUILD FAILED **


The following build commands failed:
	Ld Debug/cmTC_c433c normal x86_64
(1 failure)



Determining if the posix_fallocate exist failed with the following output:
Change Dir: /Users/silence/Documents/Github/Me/iOS-Reverse/llvm/Source/llvm_xcode/CMakeFiles/CMakeTmp

Run Build Command(s):/usr/bin/xcodebuild -project CMAKE_TRY_COMPILE.xcodeproj build -target cmTC_dea33 -configuration Debug -hideShellScriptEnvironment && User defaults from command line:
    HideShellScriptEnvironment = YES

Prepare build
note: Using legacy build system

=== BUILD TARGET cmTC_dea33 OF PROJECT CMAKE_TRY_COMPILE WITH CONFIGURATION Debug ===

Check dependencies

Write auxiliary files
/bin/mkdir -p /Users/silence/Documents/Github/Me/iOS-Reverse/llvm/Source/llvm_xcode/CMakeFiles/CMakeTmp/CMAKE_TRY_COMPILE.build/Debug/cmTC_dea33.build/Objects-normal/x86_64
write-file /Users/silence/Documents/Github/Me/iOS-Reverse/llvm/Source/llvm_xcode/CMakeFiles/CMakeTmp/CMAKE_TRY_COMPILE.build/Debug/cmTC_dea33.build/Objects-normal/x86_64/cmTC_dea33.LinkFileList

CompileC CMAKE_TRY_COMPILE.build/Debug/cmTC_dea33.build/Objects-normal/x86_64/CheckSymbolExists.o CheckSymbolExists.c normal x86_64 c com.apple.compilers.llvm.clang.1_0.compiler
    cd /Users/silence/Documents/Github/Me/iOS-Reverse/llvm/Source/llvm_xcode/CMakeFiles/CMakeTmp
    /Applications/Xcode.app/Contents/Developer/Toolchains/XcodeDefault.xctoolchain/usr/bin/clang -x c -arch x86_64 -fmessage-length=0 -fdiagnostics-show-note-include-stack -fmacro-backtrace-limit=0 -Wno-trigraphs -fpascal-strings -O0 -Wno-missing-field-initializers -Wno-missing-prototypes -Wno-return-type -Wno-missing-braces -Wparentheses -Wswitch -Wno-unused-function -Wno-unused-label -Wno-unused-parameter -Wno-unused-variable -Wunused-value -Wno-empty-body -Wno-uninitialized -Wno-unknown-pragmas -Wno-shadow -Wno-four-char-constants -Wno-conversion -Wno-constant-conversion -Wno-int-conversion -Wno-bool-conversion -Wno-enum-conversion -Wno-float-conversion -Wno-non-literal-null-conversion -Wno-objc-literal-conversion -Wno-shorten-64-to-32 -Wpointer-sign -Wno-newline-eof -DCMAKE_INTDIR=\"Debug\" -isysroot /Applications/Xcode.app/Contents/Developer/Platforms/MacOSX.platform/Developer/SDKs/MacOSX10.14.sdk -fasm-blocks -fstrict-aliasing -Wdeprecated-declarations -mmacosx-version-min=10.13 -g -Wno-sign-conversion -Wno-infinite-recursion -Wno-comma -Wno-block-capture-autoreleasing -Wno-strict-prototypes -Wno-semicolon-before-method-body -I/Users/silence/Documents/Github/Me/iOS-Reverse/llvm/Source/llvm_xcode/CMakeFiles/CMakeTmp/Debug/include -I/Users/silence/Documents/Github/Me/iOS-Reverse/llvm/Source/llvm_xcode/CMakeFiles/CMakeTmp/CMAKE_TRY_COMPILE.build/Debug/cmTC_dea33.build/DerivedSources/x86_64 -I/Users/silence/Documents/Github/Me/iOS-Reverse/llvm/Source/llvm_xcode/CMakeFiles/CMakeTmp/CMAKE_TRY_COMPILE.build/Debug/cmTC_dea33.build/DerivedSources -Wmost -Wno-four-char-constants -Wno-unknown-pragmas -F/Users/silence/Documents/Github/Me/iOS-Reverse/llvm/Source/llvm_xcode/CMakeFiles/CMakeTmp/Debug -Werror=unguarded-availability-new -MMD -MT dependencies -MF /Users/silence/Documents/Github/Me/iOS-Reverse/llvm/Source/llvm_xcode/CMakeFiles/CMakeTmp/CMAKE_TRY_COMPILE.build/Debug/cmTC_dea33.build/Objects-normal/x86_64/CheckSymbolExists.d --serialize-diagnostics /Users/silence/Documents/Github/Me/iOS-Reverse/llvm/Source/llvm_xcode/CMakeFiles/CMakeTmp/CMAKE_TRY_COMPILE.build/Debug/cmTC_dea33.build/Objects-normal/x86_64/CheckSymbolExists.dia -c /Users/silence/Documents/Github/Me/iOS-Reverse/llvm/Source/llvm_xcode/CMakeFiles/CMakeTmp/CheckSymbolExists.c -o /Users/silence/Documents/Github/Me/iOS-Reverse/llvm/Source/llvm_xcode/CMakeFiles/CMakeTmp/CMAKE_TRY_COMPILE.build/Debug/cmTC_dea33.build/Objects-normal/x86_64/CheckSymbolExists.o
/Users/silence/Documents/Github/Me/iOS-Reverse/llvm/Source/llvm_xcode/CMakeFiles/CMakeTmp/CheckSymbolExists.c:8:19: error: use of undeclared identifier 'posix_fallocate'
  return ((int*)(&posix_fallocate))[argc];
                  ^
1 error generated.

** BUILD FAILED **


The following build commands failed:
	CompileC CMAKE_TRY_COMPILE.build/Debug/cmTC_dea33.build/Objects-normal/x86_64/CheckSymbolExists.o CheckSymbolExists.c normal x86_64 c com.apple.compilers.llvm.clang.1_0.compiler
(1 failure)


File /Users/silence/Documents/Github/Me/iOS-Reverse/llvm/Source/llvm_xcode/CMakeFiles/CMakeTmp/CheckSymbolExists.c:
/* */
#include <fcntl.h>

int main(int argc, char** argv)
{
  (void)argv;
#ifndef posix_fallocate
  return ((int*)(&posix_fallocate))[argc];
#else
  (void)argc;
  return 0;
#endif
}

Determining if the lseek64 exist failed with the following output:
Change Dir: /Users/silence/Documents/Github/Me/iOS-Reverse/llvm/Source/llvm_xcode/CMakeFiles/CMakeTmp

Run Build Command(s):/usr/bin/xcodebuild -project CMAKE_TRY_COMPILE.xcodeproj build -target cmTC_89df2 -configuration Debug -hideShellScriptEnvironment && User defaults from command line:
    HideShellScriptEnvironment = YES

Prepare build
note: Using legacy build system

=== BUILD TARGET cmTC_89df2 OF PROJECT CMAKE_TRY_COMPILE WITH CONFIGURATION Debug ===

Check dependencies

Write auxiliary files
/bin/mkdir -p /Users/silence/Documents/Github/Me/iOS-Reverse/llvm/Source/llvm_xcode/CMakeFiles/CMakeTmp/CMAKE_TRY_COMPILE.build/Debug/cmTC_89df2.build/Objects-normal/x86_64
write-file /Users/silence/Documents/Github/Me/iOS-Reverse/llvm/Source/llvm_xcode/CMakeFiles/CMakeTmp/CMAKE_TRY_COMPILE.build/Debug/cmTC_89df2.build/Objects-normal/x86_64/cmTC_89df2.LinkFileList

CompileC CMAKE_TRY_COMPILE.build/Debug/cmTC_89df2.build/Objects-normal/x86_64/CheckSymbolExists.o CheckSymbolExists.c normal x86_64 c com.apple.compilers.llvm.clang.1_0.compiler
    cd /Users/silence/Documents/Github/Me/iOS-Reverse/llvm/Source/llvm_xcode/CMakeFiles/CMakeTmp
    /Applications/Xcode.app/Contents/Developer/Toolchains/XcodeDefault.xctoolchain/usr/bin/clang -x c -arch x86_64 -fmessage-length=0 -fdiagnostics-show-note-include-stack -fmacro-backtrace-limit=0 -Wno-trigraphs -fpascal-strings -O0 -Wno-missing-field-initializers -Wno-missing-prototypes -Wno-return-type -Wno-missing-braces -Wparentheses -Wswitch -Wno-unused-function -Wno-unused-label -Wno-unused-parameter -Wno-unused-variable -Wunused-value -Wno-empty-body -Wno-uninitialized -Wno-unknown-pragmas -Wno-shadow -Wno-four-char-constants -Wno-conversion -Wno-constant-conversion -Wno-int-conversion -Wno-bool-conversion -Wno-enum-conversion -Wno-float-conversion -Wno-non-literal-null-conversion -Wno-objc-literal-conversion -Wno-shorten-64-to-32 -Wpointer-sign -Wno-newline-eof -DCMAKE_INTDIR=\"Debug\" -D_LARGEFILE64_SOURCE -isysroot /Applications/Xcode.app/Contents/Developer/Platforms/MacOSX.platform/Developer/SDKs/MacOSX10.14.sdk -fasm-blocks -fstrict-aliasing -Wdeprecated-declarations -mmacosx-version-min=10.13 -g -Wno-sign-conversion -Wno-infinite-recursion -Wno-comma -Wno-block-capture-autoreleasing -Wno-strict-prototypes -Wno-semicolon-before-method-body -I/Users/silence/Documents/Github/Me/iOS-Reverse/llvm/Source/llvm_xcode/CMakeFiles/CMakeTmp/Debug/include -I/Users/silence/Documents/Github/Me/iOS-Reverse/llvm/Source/llvm_xcode/CMakeFiles/CMakeTmp/CMAKE_TRY_COMPILE.build/Debug/cmTC_89df2.build/DerivedSources/x86_64 -I/Users/silence/Documents/Github/Me/iOS-Reverse/llvm/Source/llvm_xcode/CMakeFiles/CMakeTmp/CMAKE_TRY_COMPILE.build/Debug/cmTC_89df2.build/DerivedSources -Wmost -Wno-four-char-constants -Wno-unknown-pragmas -F/Users/silence/Documents/Github/Me/iOS-Reverse/llvm/Source/llvm_xcode/CMakeFiles/CMakeTmp/Debug -Werror=unguarded-availability-new -MMD -MT dependencies -MF /Users/silence/Documents/Github/Me/iOS-Reverse/llvm/Source/llvm_xcode/CMakeFiles/CMakeTmp/CMAKE_TRY_COMPILE.build/Debug/cmTC_89df2.build/Objects-normal/x86_64/CheckSymbolExists.d --serialize-diagnostics /Users/silence/Documents/Github/Me/iOS-Reverse/llvm/Source/llvm_xcode/CMakeFiles/CMakeTmp/CMAKE_TRY_COMPILE.build/Debug/cmTC_89df2.build/Objects-normal/x86_64/CheckSymbolExists.dia -c /Users/silence/Documents/Github/Me/iOS-Reverse/llvm/Source/llvm_xcode/CMakeFiles/CMakeTmp/CheckSymbolExists.c -o /Users/silence/Documents/Github/Me/iOS-Reverse/llvm/Source/llvm_xcode/CMakeFiles/CMakeTmp/CMAKE_TRY_COMPILE.build/Debug/cmTC_89df2.build/Objects-normal/x86_64/CheckSymbolExists.o
/Users/silence/Documents/Github/Me/iOS-Reverse/llvm/Source/llvm_xcode/CMakeFiles/CMakeTmp/CheckSymbolExists.c:9:19: error: use of undeclared identifier 'lseek64'; did you mean 'lseek'?
  return ((int*)(&lseek64))[argc];
                  ^~~~~~~
                  lseek
In file included from /Users/silence/Documents/Github/Me/iOS-Reverse/llvm/Source/llvm_xcode/CMakeFiles/CMakeTmp/CheckSymbolExists.c:3:
/Applications/Xcode.app/Contents/Developer/Platforms/MacOSX.platform/Developer/SDKs/MacOSX10.14.sdk/usr/include/unistd.h:464:8: note: 'lseek' declared here
off_t    lseek(int, off_t, int);
         ^
1 error generated.

** BUILD FAILED **


The following build commands failed:
	CompileC CMAKE_TRY_COMPILE.build/Debug/cmTC_89df2.build/Objects-normal/x86_64/CheckSymbolExists.o CheckSymbolExists.c normal x86_64 c com.apple.compilers.llvm.clang.1_0.compiler
(1 failure)


File /Users/silence/Documents/Github/Me/iOS-Reverse/llvm/Source/llvm_xcode/CMakeFiles/CMakeTmp/CheckSymbolExists.c:
/* */
#include <sys/types.h>
#include <unistd.h>

int main(int argc, char** argv)
{
  (void)argv;
#ifndef lseek64
  return ((int*)(&lseek64))[argc];
#else
  (void)argc;
  return 0;
#endif
}

Determining if the mallctl exist failed with the following output:
Change Dir: /Users/silence/Documents/Github/Me/iOS-Reverse/llvm/Source/llvm_xcode/CMakeFiles/CMakeTmp

Run Build Command(s):/usr/bin/xcodebuild -project CMAKE_TRY_COMPILE.xcodeproj build -target cmTC_259f7 -configuration Debug -hideShellScriptEnvironment && User defaults from command line:
    HideShellScriptEnvironment = YES

Prepare build
note: Using legacy build system

=== BUILD TARGET cmTC_259f7 OF PROJECT CMAKE_TRY_COMPILE WITH CONFIGURATION Debug ===

Check dependencies

Write auxiliary files
/bin/mkdir -p /Users/silence/Documents/Github/Me/iOS-Reverse/llvm/Source/llvm_xcode/CMakeFiles/CMakeTmp/CMAKE_TRY_COMPILE.build/Debug/cmTC_259f7.build/Objects-normal/x86_64
write-file /Users/silence/Documents/Github/Me/iOS-Reverse/llvm/Source/llvm_xcode/CMakeFiles/CMakeTmp/CMAKE_TRY_COMPILE.build/Debug/cmTC_259f7.build/Objects-normal/x86_64/cmTC_259f7.LinkFileList

CompileC CMAKE_TRY_COMPILE.build/Debug/cmTC_259f7.build/Objects-normal/x86_64/CheckSymbolExists.o CheckSymbolExists.c normal x86_64 c com.apple.compilers.llvm.clang.1_0.compiler
    cd /Users/silence/Documents/Github/Me/iOS-Reverse/llvm/Source/llvm_xcode/CMakeFiles/CMakeTmp
    /Applications/Xcode.app/Contents/Developer/Toolchains/XcodeDefault.xctoolchain/usr/bin/clang -x c -arch x86_64 -fmessage-length=0 -fdiagnostics-show-note-include-stack -fmacro-backtrace-limit=0 -Wno-trigraphs -fpascal-strings -O0 -Wno-missing-field-initializers -Wno-missing-prototypes -Wno-return-type -Wno-missing-braces -Wparentheses -Wswitch -Wno-unused-function -Wno-unused-label -Wno-unused-parameter -Wno-unused-variable -Wunused-value -Wno-empty-body -Wno-uninitialized -Wno-unknown-pragmas -Wno-shadow -Wno-four-char-constants -Wno-conversion -Wno-constant-conversion -Wno-int-conversion -Wno-bool-conversion -Wno-enum-conversion -Wno-float-conversion -Wno-non-literal-null-conversion -Wno-objc-literal-conversion -Wno-shorten-64-to-32 -Wpointer-sign -Wno-newline-eof -DCMAKE_INTDIR=\"Debug\" -isysroot /Applications/Xcode.app/Contents/Developer/Platforms/MacOSX.platform/Developer/SDKs/MacOSX10.14.sdk -fasm-blocks -fstrict-aliasing -Wdeprecated-declarations -mmacosx-version-min=10.13 -g -Wno-sign-conversion -Wno-infinite-recursion -Wno-comma -Wno-block-capture-autoreleasing -Wno-strict-prototypes -Wno-semicolon-before-method-body -I/Users/silence/Documents/Github/Me/iOS-Reverse/llvm/Source/llvm_xcode/CMakeFiles/CMakeTmp/Debug/include -I/Users/silence/Documents/Github/Me/iOS-Reverse/llvm/Source/llvm_xcode/CMakeFiles/CMakeTmp/CMAKE_TRY_COMPILE.build/Debug/cmTC_259f7.build/DerivedSources/x86_64 -I/Users/silence/Documents/Github/Me/iOS-Reverse/llvm/Source/llvm_xcode/CMakeFiles/CMakeTmp/CMAKE_TRY_COMPILE.build/Debug/cmTC_259f7.build/DerivedSources -Wmost -Wno-four-char-constants -Wno-unknown-pragmas -F/Users/silence/Documents/Github/Me/iOS-Reverse/llvm/Source/llvm_xcode/CMakeFiles/CMakeTmp/Debug -Werror=unguarded-availability-new -MMD -MT dependencies -MF /Users/silence/Documents/Github/Me/iOS-Reverse/llvm/Source/llvm_xcode/CMakeFiles/CMakeTmp/CMAKE_TRY_COMPILE.build/Debug/cmTC_259f7.build/Objects-normal/x86_64/CheckSymbolExists.d --serialize-diagnostics /Users/silence/Documents/Github/Me/iOS-Reverse/llvm/Source/llvm_xcode/CMakeFiles/CMakeTmp/CMAKE_TRY_COMPILE.build/Debug/cmTC_259f7.build/Objects-normal/x86_64/CheckSymbolExists.dia -c /Users/silence/Documents/Github/Me/iOS-Reverse/llvm/Source/llvm_xcode/CMakeFiles/CMakeTmp/CheckSymbolExists.c -o /Users/silence/Documents/Github/Me/iOS-Reverse/llvm/Source/llvm_xcode/CMakeFiles/CMakeTmp/CMAKE_TRY_COMPILE.build/Debug/cmTC_259f7.build/Objects-normal/x86_64/CheckSymbolExists.o
/Users/silence/Documents/Github/Me/iOS-Reverse/llvm/Source/llvm_xcode/CMakeFiles/CMakeTmp/CheckSymbolExists.c:2:10: fatal error: 'malloc_np.h' file not found
#include <malloc_np.h>
         ^~~~~~~~~~~~~
1 error generated.

** BUILD FAILED **


The following build commands failed:
	CompileC CMAKE_TRY_COMPILE.build/Debug/cmTC_259f7.build/Objects-normal/x86_64/CheckSymbolExists.o CheckSymbolExists.c normal x86_64 c com.apple.compilers.llvm.clang.1_0.compiler
(1 failure)


File /Users/silence/Documents/Github/Me/iOS-Reverse/llvm/Source/llvm_xcode/CMakeFiles/CMakeTmp/CheckSymbolExists.c:
/* */
#include <malloc_np.h>

int main(int argc, char** argv)
{
  (void)argv;
#ifndef mallctl
  return ((int*)(&mallctl))[argc];
#else
  (void)argc;
  return 0;
#endif
}

Determining if the mallinfo exist failed with the following output:
Change Dir: /Users/silence/Documents/Github/Me/iOS-Reverse/llvm/Source/llvm_xcode/CMakeFiles/CMakeTmp

Run Build Command(s):/usr/bin/xcodebuild -project CMAKE_TRY_COMPILE.xcodeproj build -target cmTC_ac294 -configuration Debug -hideShellScriptEnvironment && User defaults from command line:
    HideShellScriptEnvironment = YES

Prepare build
note: Using legacy build system

=== BUILD TARGET cmTC_ac294 OF PROJECT CMAKE_TRY_COMPILE WITH CONFIGURATION Debug ===

Check dependencies

Write auxiliary files
/bin/mkdir -p /Users/silence/Documents/Github/Me/iOS-Reverse/llvm/Source/llvm_xcode/CMakeFiles/CMakeTmp/CMAKE_TRY_COMPILE.build/Debug/cmTC_ac294.build/Objects-normal/x86_64
write-file /Users/silence/Documents/Github/Me/iOS-Reverse/llvm/Source/llvm_xcode/CMakeFiles/CMakeTmp/CMAKE_TRY_COMPILE.build/Debug/cmTC_ac294.build/Objects-normal/x86_64/cmTC_ac294.LinkFileList

CompileC CMAKE_TRY_COMPILE.build/Debug/cmTC_ac294.build/Objects-normal/x86_64/CheckSymbolExists.o CheckSymbolExists.c normal x86_64 c com.apple.compilers.llvm.clang.1_0.compiler
    cd /Users/silence/Documents/Github/Me/iOS-Reverse/llvm/Source/llvm_xcode/CMakeFiles/CMakeTmp
    /Applications/Xcode.app/Contents/Developer/Toolchains/XcodeDefault.xctoolchain/usr/bin/clang -x c -arch x86_64 -fmessage-length=0 -fdiagnostics-show-note-include-stack -fmacro-backtrace-limit=0 -Wno-trigraphs -fpascal-strings -O0 -Wno-missing-field-initializers -Wno-missing-prototypes -Wno-return-type -Wno-missing-braces -Wparentheses -Wswitch -Wno-unused-function -Wno-unused-label -Wno-unused-parameter -Wno-unused-variable -Wunused-value -Wno-empty-body -Wno-uninitialized -Wno-unknown-pragmas -Wno-shadow -Wno-four-char-constants -Wno-conversion -Wno-constant-conversion -Wno-int-conversion -Wno-bool-conversion -Wno-enum-conversion -Wno-float-conversion -Wno-non-literal-null-conversion -Wno-objc-literal-conversion -Wno-shorten-64-to-32 -Wpointer-sign -Wno-newline-eof -DCMAKE_INTDIR=\"Debug\" -isysroot /Applications/Xcode.app/Contents/Developer/Platforms/MacOSX.platform/Developer/SDKs/MacOSX10.14.sdk -fasm-blocks -fstrict-aliasing -Wdeprecated-declarations -mmacosx-version-min=10.13 -g -Wno-sign-conversion -Wno-infinite-recursion -Wno-comma -Wno-block-capture-autoreleasing -Wno-strict-prototypes -Wno-semicolon-before-method-body -I/Users/silence/Documents/Github/Me/iOS-Reverse/llvm/Source/llvm_xcode/CMakeFiles/CMakeTmp/Debug/include -I/Users/silence/Documents/Github/Me/iOS-Reverse/llvm/Source/llvm_xcode/CMakeFiles/CMakeTmp/CMAKE_TRY_COMPILE.build/Debug/cmTC_ac294.build/DerivedSources/x86_64 -I/Users/silence/Documents/Github/Me/iOS-Reverse/llvm/Source/llvm_xcode/CMakeFiles/CMakeTmp/CMAKE_TRY_COMPILE.build/Debug/cmTC_ac294.build/DerivedSources -Wmost -Wno-four-char-constants -Wno-unknown-pragmas -F/Users/silence/Documents/Github/Me/iOS-Reverse/llvm/Source/llvm_xcode/CMakeFiles/CMakeTmp/Debug -Werror=unguarded-availability-new -MMD -MT dependencies -MF /Users/silence/Documents/Github/Me/iOS-Reverse/llvm/Source/llvm_xcode/CMakeFiles/CMakeTmp/CMAKE_TRY_COMPILE.build/Debug/cmTC_ac294.build/Objects-normal/x86_64/CheckSymbolExists.d --serialize-diagnostics /Users/silence/Documents/Github/Me/iOS-Reverse/llvm/Source/llvm_xcode/CMakeFiles/CMakeTmp/CMAKE_TRY_COMPILE.build/Debug/cmTC_ac294.build/Objects-normal/x86_64/CheckSymbolExists.dia -c /Users/silence/Documents/Github/Me/iOS-Reverse/llvm/Source/llvm_xcode/CMakeFiles/CMakeTmp/CheckSymbolExists.c -o /Users/silence/Documents/Github/Me/iOS-Reverse/llvm/Source/llvm_xcode/CMakeFiles/CMakeTmp/CMAKE_TRY_COMPILE.build/Debug/cmTC_ac294.build/Objects-normal/x86_64/CheckSymbolExists.o
/Users/silence/Documents/Github/Me/iOS-Reverse/llvm/Source/llvm_xcode/CMakeFiles/CMakeTmp/CheckSymbolExists.c:2:10: fatal error: 'malloc.h' file not found
#include <malloc.h>
         ^~~~~~~~~~
1 error generated.

** BUILD FAILED **


The following build commands failed:
	CompileC CMAKE_TRY_COMPILE.build/Debug/cmTC_ac294.build/Objects-normal/x86_64/CheckSymbolExists.o CheckSymbolExists.c normal x86_64 c com.apple.compilers.llvm.clang.1_0.compiler
(1 failure)


File /Users/silence/Documents/Github/Me/iOS-Reverse/llvm/Source/llvm_xcode/CMakeFiles/CMakeTmp/CheckSymbolExists.c:
/* */
#include <malloc.h>

int main(int argc, char** argv)
{
  (void)argv;
#ifndef mallinfo
  return ((int*)(&mallinfo))[argc];
#else
  (void)argc;
  return 0;
#endif
}

Determining if the strerror_s exist failed with the following output:
Change Dir: /Users/silence/Documents/Github/Me/iOS-Reverse/llvm/Source/llvm_xcode/CMakeFiles/CMakeTmp

Run Build Command(s):/usr/bin/xcodebuild -project CMAKE_TRY_COMPILE.xcodeproj build -target cmTC_5f236 -configuration Debug -hideShellScriptEnvironment && User defaults from command line:
    HideShellScriptEnvironment = YES

Prepare build
note: Using legacy build system

=== BUILD TARGET cmTC_5f236 OF PROJECT CMAKE_TRY_COMPILE WITH CONFIGURATION Debug ===

Check dependencies

Write auxiliary files
/bin/mkdir -p /Users/silence/Documents/Github/Me/iOS-Reverse/llvm/Source/llvm_xcode/CMakeFiles/CMakeTmp/CMAKE_TRY_COMPILE.build/Debug/cmTC_5f236.build/Objects-normal/x86_64
write-file /Users/silence/Documents/Github/Me/iOS-Reverse/llvm/Source/llvm_xcode/CMakeFiles/CMakeTmp/CMAKE_TRY_COMPILE.build/Debug/cmTC_5f236.build/Objects-normal/x86_64/cmTC_5f236.LinkFileList

CompileC CMAKE_TRY_COMPILE.build/Debug/cmTC_5f236.build/Objects-normal/x86_64/CheckSymbolExists.o CheckSymbolExists.c normal x86_64 c com.apple.compilers.llvm.clang.1_0.compiler
    cd /Users/silence/Documents/Github/Me/iOS-Reverse/llvm/Source/llvm_xcode/CMakeFiles/CMakeTmp
    /Applications/Xcode.app/Contents/Developer/Toolchains/XcodeDefault.xctoolchain/usr/bin/clang -x c -arch x86_64 -fmessage-length=0 -fdiagnostics-show-note-include-stack -fmacro-backtrace-limit=0 -Wno-trigraphs -fpascal-strings -O0 -Wno-missing-field-initializers -Wno-missing-prototypes -Wno-return-type -Wno-missing-braces -Wparentheses -Wswitch -Wno-unused-function -Wno-unused-label -Wno-unused-parameter -Wno-unused-variable -Wunused-value -Wno-empty-body -Wno-uninitialized -Wno-unknown-pragmas -Wno-shadow -Wno-four-char-constants -Wno-conversion -Wno-constant-conversion -Wno-int-conversion -Wno-bool-conversion -Wno-enum-conversion -Wno-float-conversion -Wno-non-literal-null-conversion -Wno-objc-literal-conversion -Wno-shorten-64-to-32 -Wpointer-sign -Wno-newline-eof -DCMAKE_INTDIR=\"Debug\" -isysroot /Applications/Xcode.app/Contents/Developer/Platforms/MacOSX.platform/Developer/SDKs/MacOSX10.14.sdk -fasm-blocks -fstrict-aliasing -Wdeprecated-declarations -mmacosx-version-min=10.13 -g -Wno-sign-conversion -Wno-infinite-recursion -Wno-comma -Wno-block-capture-autoreleasing -Wno-strict-prototypes -Wno-semicolon-before-method-body -I/Users/silence/Documents/Github/Me/iOS-Reverse/llvm/Source/llvm_xcode/CMakeFiles/CMakeTmp/Debug/include -I/Users/silence/Documents/Github/Me/iOS-Reverse/llvm/Source/llvm_xcode/CMakeFiles/CMakeTmp/CMAKE_TRY_COMPILE.build/Debug/cmTC_5f236.build/DerivedSources/x86_64 -I/Users/silence/Documents/Github/Me/iOS-Reverse/llvm/Source/llvm_xcode/CMakeFiles/CMakeTmp/CMAKE_TRY_COMPILE.build/Debug/cmTC_5f236.build/DerivedSources -Wmost -Wno-four-char-constants -Wno-unknown-pragmas -F/Users/silence/Documents/Github/Me/iOS-Reverse/llvm/Source/llvm_xcode/CMakeFiles/CMakeTmp/Debug -Werror=unguarded-availability-new -MMD -MT dependencies -MF /Users/silence/Documents/Github/Me/iOS-Reverse/llvm/Source/llvm_xcode/CMakeFiles/CMakeTmp/CMAKE_TRY_COMPILE.build/Debug/cmTC_5f236.build/Objects-normal/x86_64/CheckSymbolExists.d --serialize-diagnostics /Users/silence/Documents/Github/Me/iOS-Reverse/llvm/Source/llvm_xcode/CMakeFiles/CMakeTmp/CMAKE_TRY_COMPILE.build/Debug/cmTC_5f236.build/Objects-normal/x86_64/CheckSymbolExists.dia -c /Users/silence/Documents/Github/Me/iOS-Reverse/llvm/Source/llvm_xcode/CMakeFiles/CMakeTmp/CheckSymbolExists.c -o /Users/silence/Documents/Github/Me/iOS-Reverse/llvm/Source/llvm_xcode/CMakeFiles/CMakeTmp/CMAKE_TRY_COMPILE.build/Debug/cmTC_5f236.build/Objects-normal/x86_64/CheckSymbolExists.o
/Users/silence/Documents/Github/Me/iOS-Reverse/llvm/Source/llvm_xcode/CMakeFiles/CMakeTmp/CheckSymbolExists.c:8:19: error: use of undeclared identifier 'strerror_s'; did you mean 'strerror_r'?
  return ((int*)(&strerror_s))[argc];
                  ^~~~~~~~~~
                  strerror_r
In file included from /Users/silence/Documents/Github/Me/iOS-Reverse/llvm/Source/llvm_xcode/CMakeFiles/CMakeTmp/CheckSymbolExists.c:2:
/Applications/Xcode.app/Contents/Developer/Platforms/MacOSX.platform/Developer/SDKs/MacOSX10.14.sdk/usr/include/string.h:116:6: note: 'strerror_r' declared here
int      strerror_r(int __errnum, char *__strerrbuf, size_t __buflen);
         ^
1 error generated.

** BUILD FAILED **


The following build commands failed:
	CompileC CMAKE_TRY_COMPILE.build/Debug/cmTC_5f236.build/Objects-normal/x86_64/CheckSymbolExists.o CheckSymbolExists.c normal x86_64 c com.apple.compilers.llvm.clang.1_0.compiler
(1 failure)


File /Users/silence/Documents/Github/Me/iOS-Reverse/llvm/Source/llvm_xcode/CMakeFiles/CMakeTmp/CheckSymbolExists.c:
/* */
#include <string.h>

int main(int argc, char** argv)
{
  (void)argv;
#ifndef strerror_s
  return ((int*)(&strerror_s))[argc];
#else
  (void)argc;
  return 0;
#endif
}

Performing C SOURCE FILE Test HAVE_STRUCT_STAT_ST_MTIM_TV_NSEC failed with the following output:
Change Dir: /Users/silence/Documents/Github/Me/iOS-Reverse/llvm/Source/llvm_xcode/CMakeFiles/CMakeTmp

Run Build Command(s):/usr/bin/xcodebuild -project CMAKE_TRY_COMPILE.xcodeproj build -target cmTC_a4f77 -configuration Debug -hideShellScriptEnvironment && User defaults from command line:
    HideShellScriptEnvironment = YES

Prepare build
note: Using legacy build system

=== BUILD TARGET cmTC_a4f77 OF PROJECT CMAKE_TRY_COMPILE WITH CONFIGURATION Debug ===

Check dependencies

Write auxiliary files
/bin/mkdir -p /Users/silence/Documents/Github/Me/iOS-Reverse/llvm/Source/llvm_xcode/CMakeFiles/CMakeTmp/CMAKE_TRY_COMPILE.build/Debug/cmTC_a4f77.build/Objects-normal/x86_64
write-file /Users/silence/Documents/Github/Me/iOS-Reverse/llvm/Source/llvm_xcode/CMakeFiles/CMakeTmp/CMAKE_TRY_COMPILE.build/Debug/cmTC_a4f77.build/Objects-normal/x86_64/cmTC_a4f77.LinkFileList

CompileC CMAKE_TRY_COMPILE.build/Debug/cmTC_a4f77.build/Objects-normal/x86_64/src.o src.c normal x86_64 c com.apple.compilers.llvm.clang.1_0.compiler
    cd /Users/silence/Documents/Github/Me/iOS-Reverse/llvm/Source/llvm_xcode/CMakeFiles/CMakeTmp
    /Applications/Xcode.app/Contents/Developer/Toolchains/XcodeDefault.xctoolchain/usr/bin/clang -x c -arch x86_64 -fmessage-length=0 -fdiagnostics-show-note-include-stack -fmacro-backtrace-limit=0 -Wno-trigraphs -fpascal-strings -O0 -Wno-missing-field-initializers -Wno-missing-prototypes -Wno-return-type -Wno-missing-braces -Wparentheses -Wswitch -Wno-unused-function -Wno-unused-label -Wno-unused-parameter -Wno-unused-variable -Wunused-value -Wno-empty-body -Wno-uninitialized -Wno-unknown-pragmas -Wno-shadow -Wno-four-char-constants -Wno-conversion -Wno-constant-conversion -Wno-int-conversion -Wno-bool-conversion -Wno-enum-conversion -Wno-float-conversion -Wno-non-literal-null-conversion -Wno-objc-literal-conversion -Wno-shorten-64-to-32 -Wpointer-sign -Wno-newline-eof -DCMAKE_INTDIR=\"Debug\" -isysroot /Applications/Xcode.app/Contents/Developer/Platforms/MacOSX.platform/Developer/SDKs/MacOSX10.14.sdk -fasm-blocks -fstrict-aliasing -Wdeprecated-declarations -mmacosx-version-min=10.13 -g -Wno-sign-conversion -Wno-infinite-recursion -Wno-comma -Wno-block-capture-autoreleasing -Wno-strict-prototypes -Wno-semicolon-before-method-body -I/Users/silence/Documents/Github/Me/iOS-Reverse/llvm/Source/llvm_xcode/CMakeFiles/CMakeTmp/Debug/include -I/Users/silence/Documents/Github/Me/iOS-Reverse/llvm/Source/llvm_xcode/CMakeFiles/CMakeTmp/CMAKE_TRY_COMPILE.build/Debug/cmTC_a4f77.build/DerivedSources/x86_64 -I/Users/silence/Documents/Github/Me/iOS-Reverse/llvm/Source/llvm_xcode/CMakeFiles/CMakeTmp/CMAKE_TRY_COMPILE.build/Debug/cmTC_a4f77.build/DerivedSources -Wmost -Wno-four-char-constants -Wno-unknown-pragmas -F/Users/silence/Documents/Github/Me/iOS-Reverse/llvm/Source/llvm_xcode/CMakeFiles/CMakeTmp/Debug -DHAVE_STRUCT_STAT_ST_MTIM_TV_NSEC -Werror=unguarded-availability-new -MMD -MT dependencies -MF /Users/silence/Documents/Github/Me/iOS-Reverse/llvm/Source/llvm_xcode/CMakeFiles/CMakeTmp/CMAKE_TRY_COMPILE.build/Debug/cmTC_a4f77.build/Objects-normal/x86_64/src.d --serialize-diagnostics /Users/silence/Documents/Github/Me/iOS-Reverse/llvm/Source/llvm_xcode/CMakeFiles/CMakeTmp/CMAKE_TRY_COMPILE.build/Debug/cmTC_a4f77.build/Objects-normal/x86_64/src.dia -c /Users/silence/Documents/Github/Me/iOS-Reverse/llvm/Source/llvm_xcode/CMakeFiles/CMakeTmp/src.c -o /Users/silence/Documents/Github/Me/iOS-Reverse/llvm/Source/llvm_xcode/CMakeFiles/CMakeTmp/CMAKE_TRY_COMPILE.build/Debug/cmTC_a4f77.build/Objects-normal/x86_64/src.o
/Users/silence/Documents/Github/Me/iOS-Reverse/llvm/Source/llvm_xcode/CMakeFiles/CMakeTmp/src.c:7:36: error: no member named 'st_mtim' in 'struct stat'
  (void)sizeof(((struct stat *)0)->st_mtim.tv_nsec);
               ~~~~~~~~~~~~~~~~~~  ^
1 error generated.

** BUILD FAILED **


The following build commands failed:
	CompileC CMAKE_TRY_COMPILE.build/Debug/cmTC_a4f77.build/Objects-normal/x86_64/src.o src.c normal x86_64 c com.apple.compilers.llvm.clang.1_0.compiler
(1 failure)


Source file was:

#include <sys/types.h>
#include <sys/stat.h>

int main()
{
  (void)sizeof(((struct stat *)0)->st_mtim.tv_nsec);
  return 0;
}

Determining if the __GLIBC__ exist failed with the following output:
Change Dir: /Users/silence/Documents/Github/Me/iOS-Reverse/llvm/Source/llvm_xcode/CMakeFiles/CMakeTmp

Run Build Command(s):/usr/bin/xcodebuild -project CMAKE_TRY_COMPILE.xcodeproj build -target cmTC_6668e -configuration Debug -hideShellScriptEnvironment && User defaults from command line:
    HideShellScriptEnvironment = YES

Prepare build
note: Using legacy build system

=== BUILD TARGET cmTC_6668e OF PROJECT CMAKE_TRY_COMPILE WITH CONFIGURATION Debug ===

Check dependencies

Write auxiliary files
/bin/mkdir -p /Users/silence/Documents/Github/Me/iOS-Reverse/llvm/Source/llvm_xcode/CMakeFiles/CMakeTmp/CMAKE_TRY_COMPILE.build/Debug/cmTC_6668e.build/Objects-normal/x86_64
write-file /Users/silence/Documents/Github/Me/iOS-Reverse/llvm/Source/llvm_xcode/CMakeFiles/CMakeTmp/CMAKE_TRY_COMPILE.build/Debug/cmTC_6668e.build/Objects-normal/x86_64/cmTC_6668e.LinkFileList

CompileC CMAKE_TRY_COMPILE.build/Debug/cmTC_6668e.build/Objects-normal/x86_64/CheckSymbolExists.o CheckSymbolExists.c normal x86_64 c com.apple.compilers.llvm.clang.1_0.compiler
    cd /Users/silence/Documents/Github/Me/iOS-Reverse/llvm/Source/llvm_xcode/CMakeFiles/CMakeTmp
    /Applications/Xcode.app/Contents/Developer/Toolchains/XcodeDefault.xctoolchain/usr/bin/clang -x c -arch x86_64 -fmessage-length=0 -fdiagnostics-show-note-include-stack -fmacro-backtrace-limit=0 -Wno-trigraphs -fpascal-strings -O0 -Wno-missing-field-initializers -Wno-missing-prototypes -Wno-return-type -Wno-missing-braces -Wparentheses -Wswitch -Wno-unused-function -Wno-unused-label -Wno-unused-parameter -Wno-unused-variable -Wunused-value -Wno-empty-body -Wno-uninitialized -Wno-unknown-pragmas -Wno-shadow -Wno-four-char-constants -Wno-conversion -Wno-constant-conversion -Wno-int-conversion -Wno-bool-conversion -Wno-enum-conversion -Wno-float-conversion -Wno-non-literal-null-conversion -Wno-objc-literal-conversion -Wno-shorten-64-to-32 -Wpointer-sign -Wno-newline-eof -DCMAKE_INTDIR=\"Debug\" -isysroot /Applications/Xcode.app/Contents/Developer/Platforms/MacOSX.platform/Developer/SDKs/MacOSX10.14.sdk -fasm-blocks -fstrict-aliasing -Wdeprecated-declarations -mmacosx-version-min=10.13 -g -Wno-sign-conversion -Wno-infinite-recursion -Wno-comma -Wno-block-capture-autoreleasing -Wno-strict-prototypes -Wno-semicolon-before-method-body -I/Users/silence/Documents/Github/Me/iOS-Reverse/llvm/Source/llvm_xcode/CMakeFiles/CMakeTmp/Debug/include -I/Users/silence/Documents/Github/Me/iOS-Reverse/llvm/Source/llvm_xcode/CMakeFiles/CMakeTmp/CMAKE_TRY_COMPILE.build/Debug/cmTC_6668e.build/DerivedSources/x86_64 -I/Users/silence/Documents/Github/Me/iOS-Reverse/llvm/Source/llvm_xcode/CMakeFiles/CMakeTmp/CMAKE_TRY_COMPILE.build/Debug/cmTC_6668e.build/DerivedSources -Wmost -Wno-four-char-constants -Wno-unknown-pragmas -F/Users/silence/Documents/Github/Me/iOS-Reverse/llvm/Source/llvm_xcode/CMakeFiles/CMakeTmp/Debug -Werror=unguarded-availability-new -MMD -MT dependencies -MF /Users/silence/Documents/Github/Me/iOS-Reverse/llvm/Source/llvm_xcode/CMakeFiles/CMakeTmp/CMAKE_TRY_COMPILE.build/Debug/cmTC_6668e.build/Objects-normal/x86_64/CheckSymbolExists.d --serialize-diagnostics /Users/silence/Documents/Github/Me/iOS-Reverse/llvm/Source/llvm_xcode/CMakeFiles/CMakeTmp/CMAKE_TRY_COMPILE.build/Debug/cmTC_6668e.build/Objects-normal/x86_64/CheckSymbolExists.dia -c /Users/silence/Documents/Github/Me/iOS-Reverse/llvm/Source/llvm_xcode/CMakeFiles/CMakeTmp/CheckSymbolExists.c -o /Users/silence/Documents/Github/Me/iOS-Reverse/llvm/Source/llvm_xcode/CMakeFiles/CMakeTmp/CMAKE_TRY_COMPILE.build/Debug/cmTC_6668e.build/Objects-normal/x86_64/CheckSymbolExists.o
/Users/silence/Documents/Github/Me/iOS-Reverse/llvm/Source/llvm_xcode/CMakeFiles/CMakeTmp/CheckSymbolExists.c:8:19: error: use of undeclared identifier '__GLIBC__'
  return ((int*)(&__GLIBC__))[argc];
                  ^
1 error generated.

** BUILD FAILED **


The following build commands failed:
	CompileC CMAKE_TRY_COMPILE.build/Debug/cmTC_6668e.build/Objects-normal/x86_64/CheckSymbolExists.o CheckSymbolExists.c normal x86_64 c com.apple.compilers.llvm.clang.1_0.compiler
(1 failure)


File /Users/silence/Documents/Github/Me/iOS-Reverse/llvm/Source/llvm_xcode/CMakeFiles/CMakeTmp/CheckSymbolExists.c:
/* */
#include <stdio.h>

int main(int argc, char** argv)
{
  (void)argv;
#ifndef __GLIBC__
  return ((int*)(&__GLIBC__))[argc];
#else
  (void)argc;
  return 0;
#endif
}

Determining if the sched_getaffinity exist failed with the following output:
Change Dir: /Users/silence/Documents/Github/Me/iOS-Reverse/llvm/Source/llvm_xcode/CMakeFiles/CMakeTmp

Run Build Command(s):/usr/bin/xcodebuild -project CMAKE_TRY_COMPILE.xcodeproj build -target cmTC_0d295 -configuration Debug -hideShellScriptEnvironment && User defaults from command line:
    HideShellScriptEnvironment = YES

Prepare build
note: Using legacy build system

=== BUILD TARGET cmTC_0d295 OF PROJECT CMAKE_TRY_COMPILE WITH CONFIGURATION Debug ===

Check dependencies

Write auxiliary files
/bin/mkdir -p /Users/silence/Documents/Github/Me/iOS-Reverse/llvm/Source/llvm_xcode/CMakeFiles/CMakeTmp/CMAKE_TRY_COMPILE.build/Debug/cmTC_0d295.build/Objects-normal/x86_64
write-file /Users/silence/Documents/Github/Me/iOS-Reverse/llvm/Source/llvm_xcode/CMakeFiles/CMakeTmp/CMAKE_TRY_COMPILE.build/Debug/cmTC_0d295.build/Objects-normal/x86_64/cmTC_0d295.LinkFileList

CompileC CMAKE_TRY_COMPILE.build/Debug/cmTC_0d295.build/Objects-normal/x86_64/CheckSymbolExists.o CheckSymbolExists.c normal x86_64 c com.apple.compilers.llvm.clang.1_0.compiler
    cd /Users/silence/Documents/Github/Me/iOS-Reverse/llvm/Source/llvm_xcode/CMakeFiles/CMakeTmp
    /Applications/Xcode.app/Contents/Developer/Toolchains/XcodeDefault.xctoolchain/usr/bin/clang -x c -arch x86_64 -fmessage-length=0 -fdiagnostics-show-note-include-stack -fmacro-backtrace-limit=0 -Wno-trigraphs -fpascal-strings -O0 -Wno-missing-field-initializers -Wno-missing-prototypes -Wno-return-type -Wno-missing-braces -Wparentheses -Wswitch -Wno-unused-function -Wno-unused-label -Wno-unused-parameter -Wno-unused-variable -Wunused-value -Wno-empty-body -Wno-uninitialized -Wno-unknown-pragmas -Wno-shadow -Wno-four-char-constants -Wno-conversion -Wno-constant-conversion -Wno-int-conversion -Wno-bool-conversion -Wno-enum-conversion -Wno-float-conversion -Wno-non-literal-null-conversion -Wno-objc-literal-conversion -Wno-shorten-64-to-32 -Wpointer-sign -Wno-newline-eof -DCMAKE_INTDIR=\"Debug\" -isysroot /Applications/Xcode.app/Contents/Developer/Platforms/MacOSX.platform/Developer/SDKs/MacOSX10.14.sdk -fasm-blocks -fstrict-aliasing -Wdeprecated-declarations -mmacosx-version-min=10.13 -g -Wno-sign-conversion -Wno-infinite-recursion -Wno-comma -Wno-block-capture-autoreleasing -Wno-strict-prototypes -Wno-semicolon-before-method-body -I/Users/silence/Documents/Github/Me/iOS-Reverse/llvm/Source/llvm_xcode/CMakeFiles/CMakeTmp/Debug/include -I/Users/silence/Documents/Github/Me/iOS-Reverse/llvm/Source/llvm_xcode/CMakeFiles/CMakeTmp/CMAKE_TRY_COMPILE.build/Debug/cmTC_0d295.build/DerivedSources/x86_64 -I/Users/silence/Documents/Github/Me/iOS-Reverse/llvm/Source/llvm_xcode/CMakeFiles/CMakeTmp/CMAKE_TRY_COMPILE.build/Debug/cmTC_0d295.build/DerivedSources -Wmost -Wno-four-char-constants -Wno-unknown-pragmas -F/Users/silence/Documents/Github/Me/iOS-Reverse/llvm/Source/llvm_xcode/CMakeFiles/CMakeTmp/Debug -Werror=unguarded-availability-new -MMD -MT dependencies -MF /Users/silence/Documents/Github/Me/iOS-Reverse/llvm/Source/llvm_xcode/CMakeFiles/CMakeTmp/CMAKE_TRY_COMPILE.build/Debug/cmTC_0d295.build/Objects-normal/x86_64/CheckSymbolExists.d --serialize-diagnostics /Users/silence/Documents/Github/Me/iOS-Reverse/llvm/Source/llvm_xcode/CMakeFiles/CMakeTmp/CMAKE_TRY_COMPILE.build/Debug/cmTC_0d295.build/Objects-normal/x86_64/CheckSymbolExists.dia -c /Users/silence/Documents/Github/Me/iOS-Reverse/llvm/Source/llvm_xcode/CMakeFiles/CMakeTmp/CheckSymbolExists.c -o /Users/silence/Documents/Github/Me/iOS-Reverse/llvm/Source/llvm_xcode/CMakeFiles/CMakeTmp/CMAKE_TRY_COMPILE.build/Debug/cmTC_0d295.build/Objects-normal/x86_64/CheckSymbolExists.o
/Users/silence/Documents/Github/Me/iOS-Reverse/llvm/Source/llvm_xcode/CMakeFiles/CMakeTmp/CheckSymbolExists.c:8:19: error: use of undeclared identifier 'sched_getaffinity'
  return ((int*)(&sched_getaffinity))[argc];
                  ^
1 error generated.

** BUILD FAILED **


The following build commands failed:
	CompileC CMAKE_TRY_COMPILE.build/Debug/cmTC_0d295.build/Objects-normal/x86_64/CheckSymbolExists.o CheckSymbolExists.c normal x86_64 c com.apple.compilers.llvm.clang.1_0.compiler
(1 failure)


File /Users/silence/Documents/Github/Me/iOS-Reverse/llvm/Source/llvm_xcode/CMakeFiles/CMakeTmp/CheckSymbolExists.c:
/* */
#include <sched.h>

int main(int argc, char** argv)
{
  (void)argv;
#ifndef sched_getaffinity
  return ((int*)(&sched_getaffinity))[argc];
#else
  (void)argc;
  return 0;
#endif
}

Determining if the CPU_COUNT exist failed with the following output:
Change Dir: /Users/silence/Documents/Github/Me/iOS-Reverse/llvm/Source/llvm_xcode/CMakeFiles/CMakeTmp

Run Build Command(s):/usr/bin/xcodebuild -project CMAKE_TRY_COMPILE.xcodeproj build -target cmTC_edb57 -configuration Debug -hideShellScriptEnvironment && User defaults from command line:
    HideShellScriptEnvironment = YES

Prepare build
note: Using legacy build system

=== BUILD TARGET cmTC_edb57 OF PROJECT CMAKE_TRY_COMPILE WITH CONFIGURATION Debug ===

Check dependencies

Write auxiliary files
/bin/mkdir -p /Users/silence/Documents/Github/Me/iOS-Reverse/llvm/Source/llvm_xcode/CMakeFiles/CMakeTmp/CMAKE_TRY_COMPILE.build/Debug/cmTC_edb57.build/Objects-normal/x86_64
write-file /Users/silence/Documents/Github/Me/iOS-Reverse/llvm/Source/llvm_xcode/CMakeFiles/CMakeTmp/CMAKE_TRY_COMPILE.build/Debug/cmTC_edb57.build/Objects-normal/x86_64/cmTC_edb57.LinkFileList

CompileC CMAKE_TRY_COMPILE.build/Debug/cmTC_edb57.build/Objects-normal/x86_64/CheckSymbolExists.o CheckSymbolExists.c normal x86_64 c com.apple.compilers.llvm.clang.1_0.compiler
    cd /Users/silence/Documents/Github/Me/iOS-Reverse/llvm/Source/llvm_xcode/CMakeFiles/CMakeTmp
    /Applications/Xcode.app/Contents/Developer/Toolchains/XcodeDefault.xctoolchain/usr/bin/clang -x c -arch x86_64 -fmessage-length=0 -fdiagnostics-show-note-include-stack -fmacro-backtrace-limit=0 -Wno-trigraphs -fpascal-strings -O0 -Wno-missing-field-initializers -Wno-missing-prototypes -Wno-return-type -Wno-missing-braces -Wparentheses -Wswitch -Wno-unused-function -Wno-unused-label -Wno-unused-parameter -Wno-unused-variable -Wunused-value -Wno-empty-body -Wno-uninitialized -Wno-unknown-pragmas -Wno-shadow -Wno-four-char-constants -Wno-conversion -Wno-constant-conversion -Wno-int-conversion -Wno-bool-conversion -Wno-enum-conversion -Wno-float-conversion -Wno-non-literal-null-conversion -Wno-objc-literal-conversion -Wno-shorten-64-to-32 -Wpointer-sign -Wno-newline-eof -DCMAKE_INTDIR=\"Debug\" -isysroot /Applications/Xcode.app/Contents/Developer/Platforms/MacOSX.platform/Developer/SDKs/MacOSX10.14.sdk -fasm-blocks -fstrict-aliasing -Wdeprecated-declarations -mmacosx-version-min=10.13 -g -Wno-sign-conversion -Wno-infinite-recursion -Wno-comma -Wno-block-capture-autoreleasing -Wno-strict-prototypes -Wno-semicolon-before-method-body -I/Users/silence/Documents/Github/Me/iOS-Reverse/llvm/Source/llvm_xcode/CMakeFiles/CMakeTmp/Debug/include -I/Users/silence/Documents/Github/Me/iOS-Reverse/llvm/Source/llvm_xcode/CMakeFiles/CMakeTmp/CMAKE_TRY_COMPILE.build/Debug/cmTC_edb57.build/DerivedSources/x86_64 -I/Users/silence/Documents/Github/Me/iOS-Reverse/llvm/Source/llvm_xcode/CMakeFiles/CMakeTmp/CMAKE_TRY_COMPILE.build/Debug/cmTC_edb57.build/DerivedSources -Wmost -Wno-four-char-constants -Wno-unknown-pragmas -F/Users/silence/Documents/Github/Me/iOS-Reverse/llvm/Source/llvm_xcode/CMakeFiles/CMakeTmp/Debug -Werror=unguarded-availability-new -MMD -MT dependencies -MF /Users/silence/Documents/Github/Me/iOS-Reverse/llvm/Source/llvm_xcode/CMakeFiles/CMakeTmp/CMAKE_TRY_COMPILE.build/Debug/cmTC_edb57.build/Objects-normal/x86_64/CheckSymbolExists.d --serialize-diagnostics /Users/silence/Documents/Github/Me/iOS-Reverse/llvm/Source/llvm_xcode/CMakeFiles/CMakeTmp/CMAKE_TRY_COMPILE.build/Debug/cmTC_edb57.build/Objects-normal/x86_64/CheckSymbolExists.dia -c /Users/silence/Documents/Github/Me/iOS-Reverse/llvm/Source/llvm_xcode/CMakeFiles/CMakeTmp/CheckSymbolExists.c -o /Users/silence/Documents/Github/Me/iOS-Reverse/llvm/Source/llvm_xcode/CMakeFiles/CMakeTmp/CMAKE_TRY_COMPILE.build/Debug/cmTC_edb57.build/Objects-normal/x86_64/CheckSymbolExists.o
/Users/silence/Documents/Github/Me/iOS-Reverse/llvm/Source/llvm_xcode/CMakeFiles/CMakeTmp/CheckSymbolExists.c:8:19: error: use of undeclared identifier 'CPU_COUNT'
  return ((int*)(&CPU_COUNT))[argc];
                  ^
1 error generated.

** BUILD FAILED **


The following build commands failed:
	CompileC CMAKE_TRY_COMPILE.build/Debug/cmTC_edb57.build/Objects-normal/x86_64/CheckSymbolExists.o CheckSymbolExists.c normal x86_64 c com.apple.compilers.llvm.clang.1_0.compiler
(1 failure)


File /Users/silence/Documents/Github/Me/iOS-Reverse/llvm/Source/llvm_xcode/CMakeFiles/CMakeTmp/CheckSymbolExists.c:
/* */
#include <sched.h>

int main(int argc, char** argv)
{
  (void)argv;
#ifndef CPU_COUNT
  return ((int*)(&CPU_COUNT))[argc];
#else
  (void)argc;
  return 0;
#endif
}

Performing C++ SOURCE FILE Test CXX_SUPPORTS_CLASS_MEMACCESS_FLAG failed with the following output:
Change Dir: /Users/silence/Documents/Github/Me/iOS-Reverse/llvm/Source/llvm_xcode/CMakeFiles/CMakeTmp

Run Build Command(s):/usr/bin/xcodebuild -project CMAKE_TRY_COMPILE.xcodeproj build -target cmTC_6a95a -configuration Debug -hideShellScriptEnvironment && User defaults from command line:
    HideShellScriptEnvironment = YES

Prepare build
note: Using legacy build system

=== BUILD TARGET cmTC_6a95a OF PROJECT CMAKE_TRY_COMPILE WITH CONFIGURATION Debug ===

Check dependencies

Write auxiliary files
/bin/mkdir -p /Users/silence/Documents/Github/Me/iOS-Reverse/llvm/Source/llvm_xcode/CMakeFiles/CMakeTmp/CMAKE_TRY_COMPILE.build/Debug/cmTC_6a95a.build/Objects-normal/x86_64
write-file /Users/silence/Documents/Github/Me/iOS-Reverse/llvm/Source/llvm_xcode/CMakeFiles/CMakeTmp/CMAKE_TRY_COMPILE.build/Debug/cmTC_6a95a.build/Objects-normal/x86_64/cmTC_6a95a.LinkFileList

CompileC CMAKE_TRY_COMPILE.build/Debug/cmTC_6a95a.build/Objects-normal/x86_64/src.o src.cxx normal x86_64 c++ com.apple.compilers.llvm.clang.1_0.compiler
    cd /Users/silence/Documents/Github/Me/iOS-Reverse/llvm/Source/llvm_xcode/CMakeFiles/CMakeTmp
    /Applications/Xcode.app/Contents/Developer/Toolchains/XcodeDefault.xctoolchain/usr/bin/clang -x c++ -arch x86_64 -fmessage-length=0 -fdiagnostics-show-note-include-stack -fmacro-backtrace-limit=0 -Wno-trigraphs -fpascal-strings -O0 -Wno-missing-field-initializers -Wno-missing-prototypes -Wno-return-type -Wno-non-virtual-dtor -Wno-overloaded-virtual -Wno-exit-time-destructors -Wno-missing-braces -Wparentheses -Wswitch -Wno-unused-function -Wno-unused-label -Wno-unused-parameter -Wno-unused-variable -Wunused-value -Wno-empty-body -Wno-uninitialized -Wno-unknown-pragmas -Wno-shadow -Wno-four-char-constants -Wno-conversion -Wno-constant-conversion -Wno-int-conversion -Wno-bool-conversion -Wno-enum-conversion -Wno-float-conversion -Wno-non-literal-null-conversion -Wno-objc-literal-conversion -Wno-shorten-64-to-32 -Wno-newline-eof -Wno-c++11-extensions -DCMAKE_INTDIR=\"Debug\" -isysroot /Applications/Xcode.app/Contents/Developer/Platforms/MacOSX.platform/Developer/SDKs/MacOSX10.14.sdk -fasm-blocks -fstrict-aliasing -Wdeprecated-declarations -Winvalid-offsetof -mmacosx-version-min=10.13 -g -Wno-sign-conversion -Wno-infinite-recursion -Wno-move -Wno-comma -Wno-block-capture-autoreleasing -Wno-strict-prototypes -Wno-range-loop-analysis -Wno-semicolon-before-method-body -I/Users/silence/Documents/Github/Me/iOS-Reverse/llvm/Source/llvm_xcode/CMakeFiles/CMakeTmp/Debug/include -I/Users/silence/Documents/Github/Me/iOS-Reverse/llvm/Source/llvm_xcode/CMakeFiles/CMakeTmp/CMAKE_TRY_COMPILE.build/Debug/cmTC_6a95a.build/DerivedSources/x86_64 -I/Users/silence/Documents/Github/Me/iOS-Reverse/llvm/Source/llvm_xcode/CMakeFiles/CMakeTmp/CMAKE_TRY_COMPILE.build/Debug/cmTC_6a95a.build/DerivedSources -Wmost -Wno-four-char-constants -Wno-unknown-pragmas -F/Users/silence/Documents/Github/Me/iOS-Reverse/llvm/Source/llvm_xcode/CMakeFiles/CMakeTmp/Debug -fvisibility-inlines-hidden -Werror=date-time -Werror=unguarded-availability-new -std=c++11 -Wall -Wextra -Wno-unused-parameter -Wwrite-strings -Wcast-qual -Wmissing-field-initializers -pedantic -Wno-long-long -Wimplicit-fallthrough -Wcovered-switch-default -DCXX_SUPPORTS_CLASS_MEMACCESS_FLAG -Werror=unguarded-availability-new -Wclass-memaccess -MMD -MT dependencies -MF /Users/silence/Documents/Github/Me/iOS-Reverse/llvm/Source/llvm_xcode/CMakeFiles/CMakeTmp/CMAKE_TRY_COMPILE.build/Debug/cmTC_6a95a.build/Objects-normal/x86_64/src.d --serialize-diagnostics /Users/silence/Documents/Github/Me/iOS-Reverse/llvm/Source/llvm_xcode/CMakeFiles/CMakeTmp/CMAKE_TRY_COMPILE.build/Debug/cmTC_6a95a.build/Objects-normal/x86_64/src.dia -c /Users/silence/Documents/Github/Me/iOS-Reverse/llvm/Source/llvm_xcode/CMakeFiles/CMakeTmp/src.cxx -o /Users/silence/Documents/Github/Me/iOS-Reverse/llvm/Source/llvm_xcode/CMakeFiles/CMakeTmp/CMAKE_TRY_COMPILE.build/Debug/cmTC_6a95a.build/Objects-normal/x86_64/src.o
warning: unknown warning option '-Wclass-memaccess'; did you mean '-Wclass-varargs'? [-Wunknown-warning-option]
1 warning generated.

Ld Debug/cmTC_6a95a normal x86_64
    cd /Users/silence/Documents/Github/Me/iOS-Reverse/llvm/Source/llvm_xcode/CMakeFiles/CMakeTmp
    /Applications/Xcode.app/Contents/Developer/Toolchains/XcodeDefault.xctoolchain/usr/bin/clang++ -arch x86_64 -isysroot /Applications/Xcode.app/Contents/Developer/Platforms/MacOSX.platform/Developer/SDKs/MacOSX10.14.sdk -L/Users/silence/Documents/Github/Me/iOS-Reverse/llvm/Source/llvm_xcode/CMakeFiles/CMakeTmp/Debug -F/Users/silence/Documents/Github/Me/iOS-Reverse/llvm/Source/llvm_xcode/CMakeFiles/CMakeTmp/Debug -filelist /Users/silence/Documents/Github/Me/iOS-Reverse/llvm/Source/llvm_xcode/CMakeFiles/CMakeTmp/CMAKE_TRY_COMPILE.build/Debug/cmTC_6a95a.build/Objects-normal/x86_64/cmTC_6a95a.LinkFileList -mmacosx-version-min=10.13 -Xlinker -object_path_lto -Xlinker /Users/silence/Documents/Github/Me/iOS-Reverse/llvm/Source/llvm_xcode/CMakeFiles/CMakeTmp/CMAKE_TRY_COMPILE.build/Debug/cmTC_6a95a.build/Objects-normal/x86_64/cmTC_6a95a_lto.o -Xlinker -no_deduplicate -Wl,-search_paths_first -Wl,-headerpad_max_install_names -lm -Xlinker -dependency_info -Xlinker /Users/silence/Documents/Github/Me/iOS-Reverse/llvm/Source/llvm_xcode/CMakeFiles/CMakeTmp/CMAKE_TRY_COMPILE.build/Debug/cmTC_6a95a.build/Objects-normal/x86_64/cmTC_6a95a_dependency_info.dat -o /Users/silence/Documents/Github/Me/iOS-Reverse/llvm/Source/llvm_xcode/CMakeFiles/CMakeTmp/Debug/cmTC_6a95a

** BUILD SUCCEEDED **



Source file was:
int main() { return 0; }
Performing C++ SOURCE FILE Test macos_signposts_usable failed with the following output:
Change Dir: /Users/silence/Documents/Github/Me/iOS-Reverse/llvm/Source/llvm_xcode/CMakeFiles/CMakeTmp

Run Build Command(s):/usr/bin/xcodebuild -project CMAKE_TRY_COMPILE.xcodeproj build -target cmTC_eb232 -configuration Debug -hideShellScriptEnvironment && User defaults from command line:
    HideShellScriptEnvironment = YES

Prepare build
note: Using legacy build system

=== BUILD TARGET cmTC_eb232 OF PROJECT CMAKE_TRY_COMPILE WITH CONFIGURATION Debug ===

Check dependencies

Write auxiliary files
/bin/mkdir -p /Users/silence/Documents/Github/Me/iOS-Reverse/llvm/Source/llvm_xcode/CMakeFiles/CMakeTmp/CMAKE_TRY_COMPILE.build/Debug/cmTC_eb232.build/Objects-normal/x86_64
write-file /Users/silence/Documents/Github/Me/iOS-Reverse/llvm/Source/llvm_xcode/CMakeFiles/CMakeTmp/CMAKE_TRY_COMPILE.build/Debug/cmTC_eb232.build/Objects-normal/x86_64/cmTC_eb232.LinkFileList

CompileC CMAKE_TRY_COMPILE.build/Debug/cmTC_eb232.build/Objects-normal/x86_64/src.o src.cxx normal x86_64 c++ com.apple.compilers.llvm.clang.1_0.compiler
    cd /Users/silence/Documents/Github/Me/iOS-Reverse/llvm/Source/llvm_xcode/CMakeFiles/CMakeTmp
    /Applications/Xcode.app/Contents/Developer/Toolchains/XcodeDefault.xctoolchain/usr/bin/clang -x c++ -arch x86_64 -fmessage-length=0 -fdiagnostics-show-note-include-stack -fmacro-backtrace-limit=0 -Wno-trigraphs -fpascal-strings -O0 -Wno-missing-field-initializers -Wno-missing-prototypes -Wno-return-type -Wno-non-virtual-dtor -Wno-overloaded-virtual -Wno-exit-time-destructors -Wno-missing-braces -Wparentheses -Wswitch -Wno-unused-function -Wno-unused-label -Wno-unused-parameter -Wno-unused-variable -Wunused-value -Wno-empty-body -Wno-uninitialized -Wno-unknown-pragmas -Wno-shadow -Wno-four-char-constants -Wno-conversion -Wno-constant-conversion -Wno-int-conversion -Wno-bool-conversion -Wno-enum-conversion -Wno-float-conversion -Wno-non-literal-null-conversion -Wno-objc-literal-conversion -Wno-shorten-64-to-32 -Wno-newline-eof -Wno-c++11-extensions -DCMAKE_INTDIR=\"Debug\" -isysroot /Applications/Xcode.app/Contents/Developer/Platforms/MacOSX.platform/Developer/SDKs/MacOSX10.14.sdk -fasm-blocks -fstrict-aliasing -Wdeprecated-declarations -Winvalid-offsetof -mmacosx-version-min=10.13 -g -Wno-sign-conversion -Wno-infinite-recursion -Wno-move -Wno-comma -Wno-block-capture-autoreleasing -Wno-strict-prototypes -Wno-range-loop-analysis -Wno-semicolon-before-method-body -I/Users/silence/Documents/Github/Me/iOS-Reverse/llvm/Source/llvm_xcode/CMakeFiles/CMakeTmp/Debug/include -I/Users/silence/Documents/Github/Me/iOS-Reverse/llvm/Source/llvm_xcode/CMakeFiles/CMakeTmp/CMAKE_TRY_COMPILE.build/Debug/cmTC_eb232.build/DerivedSources/x86_64 -I/Users/silence/Documents/Github/Me/iOS-Reverse/llvm/Source/llvm_xcode/CMakeFiles/CMakeTmp/CMAKE_TRY_COMPILE.build/Debug/cmTC_eb232.build/DerivedSources -Wmost -Wno-four-char-constants -Wno-unknown-pragmas -F/Users/silence/Documents/Github/Me/iOS-Reverse/llvm/Source/llvm_xcode/CMakeFiles/CMakeTmp/Debug -fvisibility-inlines-hidden -Werror=date-time -Werror=unguarded-availability-new -std=c++11 -Wall -Wextra -Wno-unused-parameter -Wwrite-strings -Wcast-qual -Wmissing-field-initializers -pedantic -Wno-long-long -Wimplicit-fallthrough -Wcovered-switch-default -Wno-noexcept-type -Wnon-virtual-dtor -Wdelete-non-virtual-dtor -Wstring-conversion -Dmacos_signposts_usable -Werror=unguarded-availability-new -MMD -MT dependencies -MF /Users/silence/Documents/Github/Me/iOS-Reverse/llvm/Source/llvm_xcode/CMakeFiles/CMakeTmp/CMAKE_TRY_COMPILE.build/Debug/cmTC_eb232.build/Objects-normal/x86_64/src.d --serialize-diagnostics /Users/silence/Documents/Github/Me/iOS-Reverse/llvm/Source/llvm_xcode/CMakeFiles/CMakeTmp/CMAKE_TRY_COMPILE.build/Debug/cmTC_eb232.build/Objects-normal/x86_64/src.dia -c /Users/silence/Documents/Github/Me/iOS-Reverse/llvm/Source/llvm_xcode/CMakeFiles/CMakeTmp/src.cxx -o /Users/silence/Documents/Github/Me/iOS-Reverse/llvm/Source/llvm_xcode/CMakeFiles/CMakeTmp/CMAKE_TRY_COMPILE.build/Debug/cmTC_eb232.build/Objects-normal/x86_64/src.o
/Users/silence/Documents/Github/Me/iOS-Reverse/llvm/Source/llvm_xcode/CMakeFiles/CMakeTmp/src.cxx:2:18: error: '_os_signpost_emit_with_name_impl' is only available on macOS 10.14 or newer [-Werror,-Wunguarded-availability-new]
    int main() { os_signpost_interval_begin(nullptr, 0, "", ""); return 0; }
                 ^~~~~~~~~~~~~~~~~~~~~~~~~~~~~~~~~~~~~~~~~~~~~~
In file included from /Users/silence/Documents/Github/Me/iOS-Reverse/llvm/Source/llvm_xcode/CMakeFiles/CMakeTmp/src.cxx:1:
/Applications/Xcode.app/Contents/Developer/Platforms/MacOSX.platform/Developer/SDKs/MacOSX10.14.sdk/usr/include/os/signpost.h:227:9: note: expanded from macro 'os_signpost_interval_begin'
        os_signpost_emit_with_type(log, OS_SIGNPOST_INTERVAL_BEGIN, \
        ^~~~~~~~~~~~~~~~~~~~~~~~~~~~~~~~~~~~~~~~~~~~~~~~~~~~~~~~~~~~~
/Applications/Xcode.app/Contents/Developer/Platforms/MacOSX.platform/Developer/SDKs/MacOSX10.14.sdk/usr/include/os/signpost.h:342:13: note: expanded from macro 'os_signpost_emit_with_type'
        if (_os_signpost_emit_with_name_impl != NULL) { \
            ^~~~~~~~~~~~~~~~~~~~~~~~~~~~~~~~
/Applications/Xcode.app/Contents/Developer/Platforms/MacOSX.platform/Developer/SDKs/MacOSX10.14.sdk/usr/include/os/signpost.h:317:1: note: '_os_signpost_emit_with_name_impl' has been explicitly marked partial here
_os_signpost_emit_with_name_impl(void *dso, os_log_t log,
^
/Users/silence/Documents/Github/Me/iOS-Reverse/llvm/Source/llvm_xcode/CMakeFiles/CMakeTmp/src.cxx:2:18: note: enclose '_os_signpost_emit_with_name_impl' in a __builtin_available check to silence this warning
    int main() { os_signpost_interval_begin(nullptr, 0, "", ""); return 0; }
                 ^~~~~~~~~~~~~~~~~~~~~~~~~~~~~~~~~~~~~~~~~~~~~~
In file included from /Users/silence/Documents/Github/Me/iOS-Reverse/llvm/Source/llvm_xcode/CMakeFiles/CMakeTmp/src.cxx:1:
/Applications/Xcode.app/Contents/Developer/Platforms/MacOSX.platform/Developer/SDKs/MacOSX10.14.sdk/usr/include/os/signpost.h:227:9: note: expanded from macro 'os_signpost_interval_begin'
        os_signpost_emit_with_type(log, OS_SIGNPOST_INTERVAL_BEGIN, \
        ^~~~~~~~~~~~~~~~~~~~~~~~~~~~~~~~~~~~~~~~~~~~~~~~~~~~~~~~~~~~~
/Applications/Xcode.app/Contents/Developer/Platforms/MacOSX.platform/Developer/SDKs/MacOSX10.14.sdk/usr/include/os/signpost.h:342:13: note: expanded from macro 'os_signpost_emit_with_type'
        if (_os_signpost_emit_with_name_impl != NULL) { \
            ^~~~~~~~~~~~~~~~~~~~~~~~~~~~~~~~
/Users/silence/Documents/Github/Me/iOS-Reverse/llvm/Source/llvm_xcode/CMakeFiles/CMakeTmp/src.cxx:2:18: error: 'os_signpost_enabled' is only available on macOS 10.14 or newer [-Werror,-Wunguarded-availability-new]
    int main() { os_signpost_interval_begin(nullptr, 0, "", ""); return 0; }
                 ^~~~~~~~~~~~~~~~~~~~~~~~~~~~~~~~~~~~~~~~~~~~~~
In file included from /Users/silence/Documents/Github/Me/iOS-Reverse/llvm/Source/llvm_xcode/CMakeFiles/CMakeTmp/src.cxx:1:
/Applications/Xcode.app/Contents/Developer/Platforms/MacOSX.platform/Developer/SDKs/MacOSX10.14.sdk/usr/include/os/signpost.h:227:9: note: expanded from macro 'os_signpost_interval_begin'
        os_signpost_emit_with_type(log, OS_SIGNPOST_INTERVAL_BEGIN, \
        ^~~~~~~~~~~~~~~~~~~~~~~~~~~~~~~~~~~~~~~~~~~~~~~~~~~~~~~~~~~~~
/Applications/Xcode.app/Contents/Developer/Platforms/MacOSX.platform/Developer/SDKs/MacOSX10.14.sdk/usr/include/os/signpost.h:343:13: note: expanded from macro 'os_signpost_emit_with_type'
            _os_signpost_emit_with_type(_os_signpost_emit_with_name_impl, log, \
            ^~~~~~~~~~~~~~~~~~~~~~~~~~~~~~~~~~~~~~~~~~~~~~~~~~~~~~~~~~~~~~~~~~~~
/Applications/Xcode.app/Contents/Developer/Platforms/MacOSX.platform/Developer/SDKs/MacOSX10.14.sdk/usr/include/os/signpost.h:328:17: note: expanded from macro '_os_signpost_emit_with_type'
                os_signpost_enabled(_log_tmp)) { \
                ^~~~~~~~~~~~~~~~~~~
/Applications/Xcode.app/Contents/Developer/Platforms/MacOSX.platform/Developer/SDKs/MacOSX10.14.sdk/usr/include/os/signpost.h:204:1: note: 'os_signpost_enabled' has been explicitly marked partial here
os_signpost_enabled(os_log_t log);
^
/Users/silence/Documents/Github/Me/iOS-Reverse/llvm/Source/llvm_xcode/CMakeFiles/CMakeTmp/src.cxx:2:18: note: enclose 'os_signpost_enabled' in a __builtin_available check to silence this warning
    int main() { os_signpost_interval_begin(nullptr, 0, "", ""); return 0; }
                 ^~~~~~~~~~~~~~~~~~~~~~~~~~~~~~~~~~~~~~~~~~~~~~
In file included from /Users/silence/Documents/Github/Me/iOS-Reverse/llvm/Source/llvm_xcode/CMakeFiles/CMakeTmp/src.cxx:1:
/Applications/Xcode.app/Contents/Developer/Platforms/MacOSX.platform/Developer/SDKs/MacOSX10.14.sdk/usr/include/os/signpost.h:227:9: note: expanded from macro 'os_signpost_interval_begin'
        os_signpost_emit_with_type(log, OS_SIGNPOST_INTERVAL_BEGIN, \
        ^~~~~~~~~~~~~~~~~~~~~~~~~~~~~~~~~~~~~~~~~~~~~~~~~~~~~~~~~~~~~
/Applications/Xcode.app/Contents/Developer/Platforms/MacOSX.platform/Developer/SDKs/MacOSX10.14.sdk/usr/include/os/signpost.h:343:13: note: expanded from macro 'os_signpost_emit_with_type'
            _os_signpost_emit_with_type(_os_signpost_emit_with_name_impl, log, \
            ^~~~~~~~~~~~~~~~~~~~~~~~~~~~~~~~~~~~~~~~~~~~~~~~~~~~~~~~~~~~~~~~~~~~
/Applications/Xcode.app/Contents/Developer/Platforms/MacOSX.platform/Developer/SDKs/MacOSX10.14.sdk/usr/include/os/signpost.h:328:17: note: expanded from macro '_os_signpost_emit_with_type'
                os_signpost_enabled(_log_tmp)) { \
                ^~~~~~~~~~~~~~~~~~~
/Users/silence/Documents/Github/Me/iOS-Reverse/llvm/Source/llvm_xcode/CMakeFiles/CMakeTmp/src.cxx:2:18: error: '_os_signpost_emit_with_name_impl' is only available on macOS 10.14 or newer [-Werror,-Wunguarded-availability-new]
    int main() { os_signpost_interval_begin(nullptr, 0, "", ""); return 0; }
                 ^~~~~~~~~~~~~~~~~~~~~~~~~~~~~~~~~~~~~~~~~~~~~~
In file included from /Users/silence/Documents/Github/Me/iOS-Reverse/llvm/Source/llvm_xcode/CMakeFiles/CMakeTmp/src.cxx:1:
/Applications/Xcode.app/Contents/Developer/Platforms/MacOSX.platform/Developer/SDKs/MacOSX10.14.sdk/usr/include/os/signpost.h:227:9: note: expanded from macro 'os_signpost_interval_begin'
        os_signpost_emit_with_type(log, OS_SIGNPOST_INTERVAL_BEGIN, \
        ^~~~~~~~~~~~~~~~~~~~~~~~~~~~~~~~~~~~~~~~~~~~~~~~~~~~~~~~~~~~~
/Applications/Xcode.app/Contents/Developer/Platforms/MacOSX.platform/Developer/SDKs/MacOSX10.14.sdk/usr/include/os/signpost.h:343:41: note: expanded from macro 'os_signpost_emit_with_type'
            _os_signpost_emit_with_type(_os_signpost_emit_with_name_impl, log, \
                                        ^~~~~~~~~~~~~~~~~~~~~~~~~~~~~~~~
/Applications/Xcode.app/Contents/Developer/Platforms/MacOSX.platform/Developer/SDKs/MacOSX10.14.sdk/usr/include/os/signpost.h:329:43: note: expanded from macro '_os_signpost_emit_with_type'
            OS_LOG_CALL_WITH_FORMAT_NAME((emitfn), \
                                          ^~~~~~
In file included from /Users/silence/Documents/Github/Me/iOS-Reverse/llvm/Source/llvm_xcode/CMakeFiles/CMakeTmp/src.cxx:1:
In file included from /Applications/Xcode.app/Contents/Developer/Platforms/MacOSX.platform/Developer/SDKs/MacOSX10.14.sdk/usr/include/os/signpost.h:8:
In file included from /Applications/Xcode.app/Contents/Developer/Platforms/MacOSX.platform/Developer/SDKs/MacOSX10.14.sdk/usr/include/os/log.h:14:
In file included from /Applications/Xcode.app/Contents/Developer/Platforms/MacOSX.platform/Developer/SDKs/MacOSX10.14.sdk/usr/include/os/trace.h:8:
/Applications/Xcode.app/Contents/Developer/Platforms/MacOSX.platform/Developer/SDKs/MacOSX10.14.sdk/usr/include/os/trace_base.h:88:9: note: expanded from macro 'OS_LOG_CALL_WITH_FORMAT_NAME'
        fun(OS_LOG_REMOVE_PARENS fun_args, _os_name_str, _os_fmt_str, \
        ^~~
In file included from /Users/silence/Documents/Github/Me/iOS-Reverse/llvm/Source/llvm_xcode/CMakeFiles/CMakeTmp/src.cxx:1:
/Applications/Xcode.app/Contents/Developer/Platforms/MacOSX.platform/Developer/SDKs/MacOSX10.14.sdk/usr/include/os/signpost.h:317:1: note: '_os_signpost_emit_with_name_impl' has been explicitly marked partial here
_os_signpost_emit_with_name_impl(void *dso, os_log_t log,
^
/Users/silence/Documents/Github/Me/iOS-Reverse/llvm/Source/llvm_xcode/CMakeFiles/CMakeTmp/src.cxx:2:18: note: enclose '_os_signpost_emit_with_name_impl' in a __builtin_available check to silence this warning
    int main() { os_signpost_interval_begin(nullptr, 0, "", ""); return 0; }
                 ^~~~~~~~~~~~~~~~~~~~~~~~~~~~~~~~~~~~~~~~~~~~~~
In file included from /Users/silence/Documents/Github/Me/iOS-Reverse/llvm/Source/llvm_xcode/CMakeFiles/CMakeTmp/src.cxx:1:
/Applications/Xcode.app/Contents/Developer/Platforms/MacOSX.platform/Developer/SDKs/MacOSX10.14.sdk/usr/include/os/signpost.h:227:9: note: expanded from macro 'os_signpost_interval_begin'
        os_signpost_emit_with_type(log, OS_SIGNPOST_INTERVAL_BEGIN, \
        ^~~~~~~~~~~~~~~~~~~~~~~~~~~~~~~~~~~~~~~~~~~~~~~~~~~~~~~~~~~~~
/Applications/Xcode.app/Contents/Developer/Platforms/MacOSX.platform/Developer/SDKs/MacOSX10.14.sdk/usr/include/os/signpost.h:343:41: note: expanded from macro 'os_signpost_emit_with_type'
            _os_signpost_emit_with_type(_os_signpost_emit_with_name_impl, log, \
                                        ^~~~~~~~~~~~~~~~~~~~~~~~~~~~~~~~
/Applications/Xcode.app/Contents/Developer/Platforms/MacOSX.platform/Developer/SDKs/MacOSX10.14.sdk/usr/include/os/signpost.h:329:43: note: expanded from macro '_os_signpost_emit_with_type'
            OS_LOG_CALL_WITH_FORMAT_NAME((emitfn), \
                                          ^~~~~~
In file included from /Users/silence/Documents/Github/Me/iOS-Reverse/llvm/Source/llvm_xcode/CMakeFiles/CMakeTmp/src.cxx:1:
In file included from /Applications/Xcode.app/Contents/Developer/Platforms/MacOSX.platform/Developer/SDKs/MacOSX10.14.sdk/usr/include/os/signpost.h:8:
In file included from /Applications/Xcode.app/Contents/Developer/Platforms/MacOSX.platform/Developer/SDKs/MacOSX10.14.sdk/usr/include/os/log.h:14:
In file included from /Applications/Xcode.app/Contents/Developer/Platforms/MacOSX.platform/Developer/SDKs/MacOSX10.14.sdk/usr/include/os/trace.h:8:
/Applications/Xcode.app/Contents/Developer/Platforms/MacOSX.platform/Developer/SDKs/MacOSX10.14.sdk/usr/include/os/trace_base.h:88:9: note: expanded from macro 'OS_LOG_CALL_WITH_FORMAT_NAME'
        fun(OS_LOG_REMOVE_PARENS fun_args, _os_name_str, _os_fmt_str, \
        ^~~
3 errors generated.

** BUILD FAILED **


The following build commands failed:
	CompileC CMAKE_TRY_COMPILE.build/Debug/cmTC_eb232.build/Objects-normal/x86_64/src.o src.cxx normal x86_64 c++ com.apple.compilers.llvm.clang.1_0.compiler
(1 failure)


Source file was:
#include <os/signpost.h>
    int main() { os_signpost_interval_begin(nullptr, 0, "", ""); return 0; }
Performing C++ SOURCE FILE Test HAVE_CXX_FLAG_WD654 failed with the following output:
Change Dir: /Users/silence/Documents/Github/Me/iOS-Reverse/llvm/Source/llvm_xcode/CMakeFiles/CMakeTmp

Run Build Command(s):/usr/bin/xcodebuild -project CMAKE_TRY_COMPILE.xcodeproj build -target cmTC_ca40a -configuration Debug -hideShellScriptEnvironment && User defaults from command line:
    HideShellScriptEnvironment = YES

Prepare build
note: Using legacy build system

=== BUILD TARGET cmTC_ca40a OF PROJECT CMAKE_TRY_COMPILE WITH CONFIGURATION Debug ===

Check dependencies

Write auxiliary files
/bin/mkdir -p /Users/silence/Documents/Github/Me/iOS-Reverse/llvm/Source/llvm_xcode/CMakeFiles/CMakeTmp/CMAKE_TRY_COMPILE.build/Debug/cmTC_ca40a.build/Objects-normal/x86_64
write-file /Users/silence/Documents/Github/Me/iOS-Reverse/llvm/Source/llvm_xcode/CMakeFiles/CMakeTmp/CMAKE_TRY_COMPILE.build/Debug/cmTC_ca40a.build/Objects-normal/x86_64/cmTC_ca40a.LinkFileList

CompileC CMAKE_TRY_COMPILE.build/Debug/cmTC_ca40a.build/Objects-normal/x86_64/src.o src.cxx normal x86_64 c++ com.apple.compilers.llvm.clang.1_0.compiler
    cd /Users/silence/Documents/Github/Me/iOS-Reverse/llvm/Source/llvm_xcode/CMakeFiles/CMakeTmp
    /Applications/Xcode.app/Contents/Developer/Toolchains/XcodeDefault.xctoolchain/usr/bin/clang -x c++ -arch x86_64 -fmessage-length=0 -fdiagnostics-show-note-include-stack -fmacro-backtrace-limit=0 -Wno-trigraphs -fpascal-strings -O0 -Wno-missing-field-initializers -Wno-missing-prototypes -Wno-return-type -Wno-non-virtual-dtor -Wno-overloaded-virtual -Wno-exit-time-destructors -Wno-missing-braces -Wparentheses -Wswitch -Wno-unused-function -Wno-unused-label -Wno-unused-parameter -Wno-unused-variable -Wunused-value -Wno-empty-body -Wno-uninitialized -Wno-unknown-pragmas -Wno-shadow -Wno-four-char-constants -Wno-conversion -Wno-constant-conversion -Wno-int-conversion -Wno-bool-conversion -Wno-enum-conversion -Wno-float-conversion -Wno-non-literal-null-conversion -Wno-objc-literal-conversion -Wno-shorten-64-to-32 -Wno-newline-eof -Wno-c++11-extensions -DCMAKE_INTDIR=\"Debug\" -isysroot /Applications/Xcode.app/Contents/Developer/Platforms/MacOSX.platform/Developer/SDKs/MacOSX10.14.sdk -fasm-blocks -fstrict-aliasing -Wdeprecated-declarations -Winvalid-offsetof -mmacosx-version-min=10.13 -g -Wno-sign-conversion -Wno-infinite-recursion -Wno-move -Wno-comma -Wno-block-capture-autoreleasing -Wno-strict-prototypes -Wno-range-loop-analysis -Wno-semicolon-before-method-body -I/Users/silence/Documents/Github/Me/iOS-Reverse/llvm/Source/llvm_xcode/CMakeFiles/CMakeTmp/Debug/include -I/Users/silence/Documents/Github/Me/iOS-Reverse/llvm/Source/llvm_xcode/CMakeFiles/CMakeTmp/CMAKE_TRY_COMPILE.build/Debug/cmTC_ca40a.build/DerivedSources/x86_64 -I/Users/silence/Documents/Github/Me/iOS-Reverse/llvm/Source/llvm_xcode/CMakeFiles/CMakeTmp/CMAKE_TRY_COMPILE.build/Debug/cmTC_ca40a.build/DerivedSources -Wmost -Wno-four-char-constants -Wno-unknown-pragmas -F/Users/silence/Documents/Github/Me/iOS-Reverse/llvm/Source/llvm_xcode/CMakeFiles/CMakeTmp/Debug -fvisibility-inlines-hidden -Werror=date-time -Werror=unguarded-availability-new -std=c++11 -Wall -Wextra -Wno-unused-parameter -Wwrite-strings -Wcast-qual -Wmissing-field-initializers -pedantic -Wno-long-long -Wimplicit-fallthrough -Wcovered-switch-default -Wno-noexcept-type -Wnon-virtual-dtor -Wdelete-non-virtual-dtor -Wstring-conversion -std=c++11 -Wall -Wextra -Wshadow -pedantic -pedantic-errors -Wshorten-64-to-32 -Wfloat-equal -fstrict-aliasing -fno-exceptions -Wstrict-aliasing -DHAVE_CXX_FLAG_WD654 -Werror=unguarded-availability-new -wd654 -wd654 -MMD -MT dependencies -MF /Users/silence/Documents/Github/Me/iOS-Reverse/llvm/Source/llvm_xcode/CMakeFiles/CMakeTmp/CMAKE_TRY_COMPILE.build/Debug/cmTC_ca40a.build/Objects-normal/x86_64/src.d --serialize-diagnostics /Users/silence/Documents/Github/Me/iOS-Reverse/llvm/Source/llvm_xcode/CMakeFiles/CMakeTmp/CMAKE_TRY_COMPILE.build/Debug/cmTC_ca40a.build/Objects-normal/x86_64/src.dia -c /Users/silence/Documents/Github/Me/iOS-Reverse/llvm/Source/llvm_xcode/CMakeFiles/CMakeTmp/src.cxx -o /Users/silence/Documents/Github/Me/iOS-Reverse/llvm/Source/llvm_xcode/CMakeFiles/CMakeTmp/CMAKE_TRY_COMPILE.build/Debug/cmTC_ca40a.build/Objects-normal/x86_64/src.o
clang: error: unknown argument: '-wd654'
clang: error: unknown argument: '-wd654'

** BUILD FAILED **


The following build commands failed:
	CompileC CMAKE_TRY_COMPILE.build/Debug/cmTC_ca40a.build/Objects-normal/x86_64/src.o src.cxx normal x86_64 c++ com.apple.compilers.llvm.clang.1_0.compiler
(1 failure)


Source file was:
int main() { return 0; }
Performing C++ SOURCE FILE Test HAVE_CXX_FLAG_COVERAGE failed with the following output:
Change Dir: /Users/silence/Documents/Github/Me/iOS-Reverse/llvm/Source/llvm_xcode/CMakeFiles/CMakeTmp

Run Build Command(s):/usr/bin/xcodebuild -project CMAKE_TRY_COMPILE.xcodeproj build -target cmTC_2dded -configuration Debug -hideShellScriptEnvironment && User defaults from command line:
    HideShellScriptEnvironment = YES

Prepare build
note: Using legacy build system

=== BUILD TARGET cmTC_2dded OF PROJECT CMAKE_TRY_COMPILE WITH CONFIGURATION Debug ===

Check dependencies

Write auxiliary files
/bin/mkdir -p /Users/silence/Documents/Github/Me/iOS-Reverse/llvm/Source/llvm_xcode/CMakeFiles/CMakeTmp/CMAKE_TRY_COMPILE.build/Debug/cmTC_2dded.build/Objects-normal/x86_64
write-file /Users/silence/Documents/Github/Me/iOS-Reverse/llvm/Source/llvm_xcode/CMakeFiles/CMakeTmp/CMAKE_TRY_COMPILE.build/Debug/cmTC_2dded.build/Objects-normal/x86_64/cmTC_2dded.LinkFileList

CompileC CMAKE_TRY_COMPILE.build/Debug/cmTC_2dded.build/Objects-normal/x86_64/src.o src.cxx normal x86_64 c++ com.apple.compilers.llvm.clang.1_0.compiler
    cd /Users/silence/Documents/Github/Me/iOS-Reverse/llvm/Source/llvm_xcode/CMakeFiles/CMakeTmp
    /Applications/Xcode.app/Contents/Developer/Toolchains/XcodeDefault.xctoolchain/usr/bin/clang -x c++ -arch x86_64 -fmessage-length=0 -fdiagnostics-show-note-include-stack -fmacro-backtrace-limit=0 -Wno-trigraphs -fpascal-strings -O0 -Wno-missing-field-initializers -Wno-missing-prototypes -Wno-return-type -Wno-non-virtual-dtor -Wno-overloaded-virtual -Wno-exit-time-destructors -Wno-missing-braces -Wparentheses -Wswitch -Wno-unused-function -Wno-unused-label -Wno-unused-parameter -Wno-unused-variable -Wunused-value -Wno-empty-body -Wno-uninitialized -Wno-unknown-pragmas -Wno-shadow -Wno-four-char-constants -Wno-conversion -Wno-constant-conversion -Wno-int-conversion -Wno-bool-conversion -Wno-enum-conversion -Wno-float-conversion -Wno-non-literal-null-conversion -Wno-objc-literal-conversion -Wno-shorten-64-to-32 -Wno-newline-eof -Wno-c++11-extensions -DCMAKE_INTDIR=\"Debug\" -isysroot /Applications/Xcode.app/Contents/Developer/Platforms/MacOSX.platform/Developer/SDKs/MacOSX10.14.sdk -fasm-blocks -fstrict-aliasing -Wdeprecated-declarations -Winvalid-offsetof -mmacosx-version-min=10.13 -g -Wno-sign-conversion -Wno-infinite-recursion -Wno-move -Wno-comma -Wno-block-capture-autoreleasing -Wno-strict-prototypes -Wno-range-loop-analysis -Wno-semicolon-before-method-body -I/Users/silence/Documents/Github/Me/iOS-Reverse/llvm/Source/llvm_xcode/CMakeFiles/CMakeTmp/Debug/include -I/Users/silence/Documents/Github/Me/iOS-Reverse/llvm/Source/llvm_xcode/CMakeFiles/CMakeTmp/CMAKE_TRY_COMPILE.build/Debug/cmTC_2dded.build/DerivedSources/x86_64 -I/Users/silence/Documents/Github/Me/iOS-Reverse/llvm/Source/llvm_xcode/CMakeFiles/CMakeTmp/CMAKE_TRY_COMPILE.build/Debug/cmTC_2dded.build/DerivedSources -Wmost -Wno-four-char-constants -Wno-unknown-pragmas -F/Users/silence/Documents/Github/Me/iOS-Reverse/llvm/Source/llvm_xcode/CMakeFiles/CMakeTmp/Debug -fvisibility-inlines-hidden -Werror=date-time -Werror=unguarded-availability-new -std=c++11 -Wall -Wextra -Wno-unused-parameter -Wwrite-strings -Wcast-qual -Wmissing-field-initializers -pedantic -Wno-long-long -Wimplicit-fallthrough -Wcovered-switch-default -Wno-noexcept-type -Wnon-virtual-dtor -Wdelete-non-virtual-dtor -Wstring-conversion -std=c++11 -Wall -Wextra -Wshadow -pedantic -pedantic-errors -Wshorten-64-to-32 -Wfloat-equal -fstrict-aliasing -fno-exceptions -Wstrict-aliasing -Wthread-safety -DHAVE_CXX_FLAG_COVERAGE -Werror=unguarded-availability-new --coverage --coverage -MMD -MT dependencies -MF /Users/silence/Documents/Github/Me/iOS-Reverse/llvm/Source/llvm_xcode/CMakeFiles/CMakeTmp/CMAKE_TRY_COMPILE.build/Debug/cmTC_2dded.build/Objects-normal/x86_64/src.d --serialize-diagnostics /Users/silence/Documents/Github/Me/iOS-Reverse/llvm/Source/llvm_xcode/CMakeFiles/CMakeTmp/CMAKE_TRY_COMPILE.build/Debug/cmTC_2dded.build/Objects-normal/x86_64/src.dia -c /Users/silence/Documents/Github/Me/iOS-Reverse/llvm/Source/llvm_xcode/CMakeFiles/CMakeTmp/src.cxx -o /Users/silence/Documents/Github/Me/iOS-Reverse/llvm/Source/llvm_xcode/CMakeFiles/CMakeTmp/CMAKE_TRY_COMPILE.build/Debug/cmTC_2dded.build/Objects-normal/x86_64/src.o

Ld Debug/cmTC_2dded normal x86_64
    cd /Users/silence/Documents/Github/Me/iOS-Reverse/llvm/Source/llvm_xcode/CMakeFiles/CMakeTmp
    /Applications/Xcode.app/Contents/Developer/Toolchains/XcodeDefault.xctoolchain/usr/bin/clang++ -arch x86_64 -isysroot /Applications/Xcode.app/Contents/Developer/Platforms/MacOSX.platform/Developer/SDKs/MacOSX10.14.sdk -L/Users/silence/Documents/Github/Me/iOS-Reverse/llvm/Source/llvm_xcode/CMakeFiles/CMakeTmp/Debug -F/Users/silence/Documents/Github/Me/iOS-Reverse/llvm/Source/llvm_xcode/CMakeFiles/CMakeTmp/Debug -filelist /Users/silence/Documents/Github/Me/iOS-Reverse/llvm/Source/llvm_xcode/CMakeFiles/CMakeTmp/CMAKE_TRY_COMPILE.build/Debug/cmTC_2dded.build/Objects-normal/x86_64/cmTC_2dded.LinkFileList -mmacosx-version-min=10.13 -Xlinker -object_path_lto -Xlinker /Users/silence/Documents/Github/Me/iOS-Reverse/llvm/Source/llvm_xcode/CMakeFiles/CMakeTmp/CMAKE_TRY_COMPILE.build/Debug/cmTC_2dded.build/Objects-normal/x86_64/cmTC_2dded_lto.o -Xlinker -no_deduplicate -Wl,-search_paths_first -Wl,-headerpad_max_install_names -lm -Xlinker -dependency_info -Xlinker /Users/silence/Documents/Github/Me/iOS-Reverse/llvm/Source/llvm_xcode/CMakeFiles/CMakeTmp/CMAKE_TRY_COMPILE.build/Debug/cmTC_2dded.build/Objects-normal/x86_64/cmTC_2dded_dependency_info.dat -o /Users/silence/Documents/Github/Me/iOS-Reverse/llvm/Source/llvm_xcode/CMakeFiles/CMakeTmp/Debug/cmTC_2dded
Undefined symbols for architecture x86_64:
  "_llvm_gcda_emit_arcs", referenced from:
      ___llvm_gcov_writeout in src.o
  "_llvm_gcda_emit_function", referenced from:
      ___llvm_gcov_writeout in src.o
  "_llvm_gcda_end_file", referenced from:
      ___llvm_gcov_writeout in src.o
  "_llvm_gcda_start_file", referenced from:
      ___llvm_gcov_writeout in src.o
  "_llvm_gcda_summary_info", referenced from:
      ___llvm_gcov_writeout in src.o
  "_llvm_gcov_init", referenced from:
      ___llvm_gcov_init in src.o
ld: symbol(s) not found for architecture x86_64
clang: error: linker command failed with exit code 1 (use -v to see invocation)

** BUILD FAILED **


The following build commands failed:
	Ld Debug/cmTC_2dded normal x86_64
(1 failure)


Source file was:
int main() { return 0; }
