Checking whether the ASM compiler is GNU using "--version" did not match "(GNU assembler)|(GCC)|(Free Software Foundation)":
Apple LLVM version 10.0.0 (clang-1000.11.45.5)
Target: x86_64-apple-darwin17.7.0
Thread model: posix
InstalledDir: /Applications/Xcode.app/Contents/Developer/Toolchains/XcodeDefault.xctoolchain/usr/bin
Checking whether the ASM compiler is Clang using "--version" did not match "(clang version)":
Apple LLVM version 10.0.0 (clang-1000.11.45.5)
Target: x86_64-apple-darwin17.7.0
Thread model: posix
InstalledDir: /Applications/Xcode.app/Contents/Developer/Toolchains/XcodeDefault.xctoolchain/usr/bin
Determining if the include file link.h exists failed with the following output:
Change Dir: /Users/silence/Documents/Github/Me/iOS-Reverse/llvm/Source/llvm_build/CMakeFiles/CMakeTmp

Run Build Command(s):/usr/local/bin/ninja cmTC_78227 && [1/2] Building C object CMakeFiles/cmTC_78227.dir/CheckIncludeFile.c.o
FAILED: CMakeFiles/cmTC_78227.dir/CheckIncludeFile.c.o 
/Applications/Xcode.app/Contents/Developer/Toolchains/XcodeDefault.xctoolchain/usr/bin/cc    -o CMakeFiles/cmTC_78227.dir/CheckIncludeFile.c.o   -c CheckIncludeFile.c
CheckIncludeFile.c:1:10: fatal error: 'link.h' file not found
#include <link.h>
         ^~~~~~~~
1 error generated.
ninja: build stopped: subcommand failed.



Determining if the include file valgrind/valgrind.h exists failed with the following output:
Change Dir: /Users/silence/Documents/Github/Me/iOS-Reverse/llvm/Source/llvm_build/CMakeFiles/CMakeTmp

Run Build Command(s):/usr/local/bin/ninja cmTC_e71b9 && [1/2] Building C object CMakeFiles/cmTC_e71b9.dir/CheckIncludeFile.c.o
FAILED: CMakeFiles/cmTC_e71b9.dir/CheckIncludeFile.c.o 
/Applications/Xcode.app/Contents/Developer/Toolchains/XcodeDefault.xctoolchain/usr/bin/cc    -o CMakeFiles/cmTC_e71b9.dir/CheckIncludeFile.c.o   -c CheckIncludeFile.c
CheckIncludeFile.c:1:10: fatal error: 'valgrind/valgrind.h' file not found
#include <valgrind/valgrind.h>
         ^~~~~~~~~~~~~~~~~~~~~
1 error generated.
ninja: build stopped: subcommand failed.



Determining if the include file CrashReporterClient.h exists failed with the following output:
Change Dir: /Users/silence/Documents/Github/Me/iOS-Reverse/llvm/Source/llvm_build/CMakeFiles/CMakeTmp

Run Build Command(s):/usr/local/bin/ninja cmTC_bdb48 && [1/2] Building C object CMakeFiles/cmTC_bdb48.dir/CheckIncludeFile.c.o
FAILED: CMakeFiles/cmTC_bdb48.dir/CheckIncludeFile.c.o 
/Applications/Xcode.app/Contents/Developer/Toolchains/XcodeDefault.xctoolchain/usr/bin/cc    -o CMakeFiles/cmTC_bdb48.dir/CheckIncludeFile.c.o   -c CheckIncludeFile.c
CheckIncludeFile.c:1:10: fatal error: 'CrashReporterClient.h' file not found
#include <CrashReporterClient.h>
         ^~~~~~~~~~~~~~~~~~~~~~~
1 error generated.
ninja: build stopped: subcommand failed.



Determining if the function clock_gettime exists in the rt failed with the following output:
Change Dir: /Users/silence/Documents/Github/Me/iOS-Reverse/llvm/Source/llvm_build/CMakeFiles/CMakeTmp

Run Build Command(s):/usr/local/bin/ninja cmTC_63833 && [1/2] Building C object CMakeFiles/cmTC_63833.dir/CheckFunctionExists.c.o
[2/2] Linking C executable cmTC_63833
FAILED: cmTC_63833 
: && /Applications/Xcode.app/Contents/Developer/Toolchains/XcodeDefault.xctoolchain/usr/bin/cc -DCHECK_FUNCTION_EXISTS=clock_gettime -Wl,-search_paths_first -Wl,-headerpad_max_install_names  CMakeFiles/cmTC_63833.dir/CheckFunctionExists.c.o  -o cmTC_63833  -lrt -lm && :
ld: library not found for -lrt
clang: error: linker command failed with exit code 1 (use -v to see invocation)
ninja: build stopped: subcommand failed.



Determining if the function pfm_initialize exists in the pfm failed with the following output:
Change Dir: /Users/silence/Documents/Github/Me/iOS-Reverse/llvm/Source/llvm_build/CMakeFiles/CMakeTmp

Run Build Command(s):/usr/local/bin/ninja cmTC_db6b2 && [1/2] Building C object CMakeFiles/cmTC_db6b2.dir/CheckFunctionExists.c.o
[2/2] Linking C executable cmTC_db6b2
FAILED: cmTC_db6b2 
: && /Applications/Xcode.app/Contents/Developer/Toolchains/XcodeDefault.xctoolchain/usr/bin/cc -DCHECK_FUNCTION_EXISTS=pfm_initialize -Wl,-search_paths_first -Wl,-headerpad_max_install_names  CMakeFiles/cmTC_db6b2.dir/CheckFunctionExists.c.o  -o cmTC_db6b2  -lpfm -lm && :
ld: library not found for -lpfm
clang: error: linker command failed with exit code 1 (use -v to see invocation)
ninja: build stopped: subcommand failed.



Determining if the function setupterm exists in the terminfo failed with the following output:
Change Dir: /Users/silence/Documents/Github/Me/iOS-Reverse/llvm/Source/llvm_build/CMakeFiles/CMakeTmp

Run Build Command(s):/usr/local/bin/ninja cmTC_b3de2 && [1/2] Building C object CMakeFiles/cmTC_b3de2.dir/CheckFunctionExists.c.o
[2/2] Linking C executable cmTC_b3de2
FAILED: cmTC_b3de2 
: && /Applications/Xcode.app/Contents/Developer/Toolchains/XcodeDefault.xctoolchain/usr/bin/cc -DCHECK_FUNCTION_EXISTS=setupterm -Wl,-search_paths_first -Wl,-headerpad_max_install_names  CMakeFiles/cmTC_b3de2.dir/CheckFunctionExists.c.o  -o cmTC_b3de2  -lterminfo -lm && :
ld: library not found for -lterminfo
clang: error: linker command failed with exit code 1 (use -v to see invocation)
ninja: build stopped: subcommand failed.



Determining if the function setupterm exists in the tinfo failed with the following output:
Change Dir: /Users/silence/Documents/Github/Me/iOS-Reverse/llvm/Source/llvm_build/CMakeFiles/CMakeTmp

Run Build Command(s):/usr/local/bin/ninja cmTC_84a42 && [1/2] Building C object CMakeFiles/cmTC_84a42.dir/CheckFunctionExists.c.o
[2/2] Linking C executable cmTC_84a42
FAILED: cmTC_84a42 
: && /Applications/Xcode.app/Contents/Developer/Toolchains/XcodeDefault.xctoolchain/usr/bin/cc -DCHECK_FUNCTION_EXISTS=setupterm -Wl,-search_paths_first -Wl,-headerpad_max_install_names  CMakeFiles/cmTC_84a42.dir/CheckFunctionExists.c.o  -o cmTC_84a42  -ltinfo -lm && :
ld: library not found for -ltinfo
clang: error: linker command failed with exit code 1 (use -v to see invocation)
ninja: build stopped: subcommand failed.



Determining if the posix_fallocate exist failed with the following output:
Change Dir: /Users/silence/Documents/Github/Me/iOS-Reverse/llvm/Source/llvm_build/CMakeFiles/CMakeTmp

Run Build Command(s):/usr/local/bin/ninja cmTC_dd354 && [1/2] Building C object CMakeFiles/cmTC_dd354.dir/CheckSymbolExists.c.o
FAILED: CMakeFiles/cmTC_dd354.dir/CheckSymbolExists.c.o 
/Applications/Xcode.app/Contents/Developer/Toolchains/XcodeDefault.xctoolchain/usr/bin/cc   -Werror=unguarded-availability-new -o CMakeFiles/cmTC_dd354.dir/CheckSymbolExists.c.o   -c CheckSymbolExists.c
CheckSymbolExists.c:8:19: error: use of undeclared identifier 'posix_fallocate'
  return ((int*)(&posix_fallocate))[argc];
                  ^
1 error generated.
ninja: build stopped: subcommand failed.


File /Users/silence/Documents/Github/Me/iOS-Reverse/llvm/Source/llvm_build/CMakeFiles/CMakeTmp/CheckSymbolExists.c:
/* */
#include <fcntl.h>

int main(int argc, char** argv)
{
  (void)argv;
#ifndef posix_fallocate
  return ((int*)(&posix_fallocate))[argc];
#else
  (void)argc;
  return 0;
#endif
}

Determining if the lseek64 exist failed with the following output:
Change Dir: /Users/silence/Documents/Github/Me/iOS-Reverse/llvm/Source/llvm_build/CMakeFiles/CMakeTmp

Run Build Command(s):/usr/local/bin/ninja cmTC_bc8f0 && [1/2] Building C object CMakeFiles/cmTC_bc8f0.dir/CheckSymbolExists.c.o
FAILED: CMakeFiles/cmTC_bc8f0.dir/CheckSymbolExists.c.o 
/Applications/Xcode.app/Contents/Developer/Toolchains/XcodeDefault.xctoolchain/usr/bin/cc -D_LARGEFILE64_SOURCE  -Werror=unguarded-availability-new -o CMakeFiles/cmTC_bc8f0.dir/CheckSymbolExists.c.o   -c CheckSymbolExists.c
CheckSymbolExists.c:9:19: error: use of undeclared identifier 'lseek64'; did you mean 'lseek'?
  return ((int*)(&lseek64))[argc];
                  ^~~~~~~
                  lseek
/usr/include/unistd.h:464:8: note: 'lseek' declared here
off_t    lseek(int, off_t, int);
         ^
1 error generated.
ninja: build stopped: subcommand failed.


File /Users/silence/Documents/Github/Me/iOS-Reverse/llvm/Source/llvm_build/CMakeFiles/CMakeTmp/CheckSymbolExists.c:
/* */
#include <sys/types.h>
#include <unistd.h>

int main(int argc, char** argv)
{
  (void)argv;
#ifndef lseek64
  return ((int*)(&lseek64))[argc];
#else
  (void)argc;
  return 0;
#endif
}

Determining if the mallctl exist failed with the following output:
Change Dir: /Users/silence/Documents/Github/Me/iOS-Reverse/llvm/Source/llvm_build/CMakeFiles/CMakeTmp

Run Build Command(s):/usr/local/bin/ninja cmTC_718e5 && [1/2] Building C object CMakeFiles/cmTC_718e5.dir/CheckSymbolExists.c.o
FAILED: CMakeFiles/cmTC_718e5.dir/CheckSymbolExists.c.o 
/Applications/Xcode.app/Contents/Developer/Toolchains/XcodeDefault.xctoolchain/usr/bin/cc   -Werror=unguarded-availability-new -o CMakeFiles/cmTC_718e5.dir/CheckSymbolExists.c.o   -c CheckSymbolExists.c
CheckSymbolExists.c:2:10: fatal error: 'malloc_np.h' file not found
#include <malloc_np.h>
         ^~~~~~~~~~~~~
1 error generated.
ninja: build stopped: subcommand failed.


File /Users/silence/Documents/Github/Me/iOS-Reverse/llvm/Source/llvm_build/CMakeFiles/CMakeTmp/CheckSymbolExists.c:
/* */
#include <malloc_np.h>

int main(int argc, char** argv)
{
  (void)argv;
#ifndef mallctl
  return ((int*)(&mallctl))[argc];
#else
  (void)argc;
  return 0;
#endif
}

Determining if the mallinfo exist failed with the following output:
Change Dir: /Users/silence/Documents/Github/Me/iOS-Reverse/llvm/Source/llvm_build/CMakeFiles/CMakeTmp

Run Build Command(s):/usr/local/bin/ninja cmTC_a2932 && [1/2] Building C object CMakeFiles/cmTC_a2932.dir/CheckSymbolExists.c.o
FAILED: CMakeFiles/cmTC_a2932.dir/CheckSymbolExists.c.o 
/Applications/Xcode.app/Contents/Developer/Toolchains/XcodeDefault.xctoolchain/usr/bin/cc   -Werror=unguarded-availability-new -o CMakeFiles/cmTC_a2932.dir/CheckSymbolExists.c.o   -c CheckSymbolExists.c
CheckSymbolExists.c:2:10: fatal error: 'malloc.h' file not found
#include <malloc.h>
         ^~~~~~~~~~
1 error generated.
ninja: build stopped: subcommand failed.


File /Users/silence/Documents/Github/Me/iOS-Reverse/llvm/Source/llvm_build/CMakeFiles/CMakeTmp/CheckSymbolExists.c:
/* */
#include <malloc.h>

int main(int argc, char** argv)
{
  (void)argv;
#ifndef mallinfo
  return ((int*)(&mallinfo))[argc];
#else
  (void)argc;
  return 0;
#endif
}

Determining if the strerror_s exist failed with the following output:
Change Dir: /Users/silence/Documents/Github/Me/iOS-Reverse/llvm/Source/llvm_build/CMakeFiles/CMakeTmp

Run Build Command(s):/usr/local/bin/ninja cmTC_7ff92 && [1/2] Building C object CMakeFiles/cmTC_7ff92.dir/CheckSymbolExists.c.o
FAILED: CMakeFiles/cmTC_7ff92.dir/CheckSymbolExists.c.o 
/Applications/Xcode.app/Contents/Developer/Toolchains/XcodeDefault.xctoolchain/usr/bin/cc   -Werror=unguarded-availability-new -o CMakeFiles/cmTC_7ff92.dir/CheckSymbolExists.c.o   -c CheckSymbolExists.c
CheckSymbolExists.c:8:19: error: use of undeclared identifier 'strerror_s'; did you mean 'strerror_r'?
  return ((int*)(&strerror_s))[argc];
                  ^~~~~~~~~~
                  strerror_r
/usr/include/string.h:116:6: note: 'strerror_r' declared here
int      strerror_r(int __errnum, char *__strerrbuf, size_t __buflen);
         ^
1 error generated.
ninja: build stopped: subcommand failed.


File /Users/silence/Documents/Github/Me/iOS-Reverse/llvm/Source/llvm_build/CMakeFiles/CMakeTmp/CheckSymbolExists.c:
/* */
#include <string.h>

int main(int argc, char** argv)
{
  (void)argv;
#ifndef strerror_s
  return ((int*)(&strerror_s))[argc];
#else
  (void)argc;
  return 0;
#endif
}

Performing C SOURCE FILE Test HAVE_STRUCT_STAT_ST_MTIM_TV_NSEC failed with the following output:
Change Dir: /Users/silence/Documents/Github/Me/iOS-Reverse/llvm/Source/llvm_build/CMakeFiles/CMakeTmp

Run Build Command(s):/usr/local/bin/ninja cmTC_14852 && [1/2] Building C object CMakeFiles/cmTC_14852.dir/src.c.o
FAILED: CMakeFiles/cmTC_14852.dir/src.c.o 
/Applications/Xcode.app/Contents/Developer/Toolchains/XcodeDefault.xctoolchain/usr/bin/cc   -DHAVE_STRUCT_STAT_ST_MTIM_TV_NSEC  -Werror=unguarded-availability-new -o CMakeFiles/cmTC_14852.dir/src.c.o   -c src.c
src.c:7:36: error: no member named 'st_mtim' in 'struct stat'
  (void)sizeof(((struct stat *)0)->st_mtim.tv_nsec);
               ~~~~~~~~~~~~~~~~~~  ^
1 error generated.
ninja: build stopped: subcommand failed.


Source file was:

#include <sys/types.h>
#include <sys/stat.h>

int main()
{
  (void)sizeof(((struct stat *)0)->st_mtim.tv_nsec);
  return 0;
}

Determining if the __GLIBC__ exist failed with the following output:
Change Dir: /Users/silence/Documents/Github/Me/iOS-Reverse/llvm/Source/llvm_build/CMakeFiles/CMakeTmp

Run Build Command(s):/usr/local/bin/ninja cmTC_f8b0d && [1/2] Building C object CMakeFiles/cmTC_f8b0d.dir/CheckSymbolExists.c.o
FAILED: CMakeFiles/cmTC_f8b0d.dir/CheckSymbolExists.c.o 
/Applications/Xcode.app/Contents/Developer/Toolchains/XcodeDefault.xctoolchain/usr/bin/cc   -Werror=unguarded-availability-new -o CMakeFiles/cmTC_f8b0d.dir/CheckSymbolExists.c.o   -c CheckSymbolExists.c
CheckSymbolExists.c:8:19: error: use of undeclared identifier '__GLIBC__'
  return ((int*)(&__GLIBC__))[argc];
                  ^
1 error generated.
ninja: build stopped: subcommand failed.


File /Users/silence/Documents/Github/Me/iOS-Reverse/llvm/Source/llvm_build/CMakeFiles/CMakeTmp/CheckSymbolExists.c:
/* */
#include <stdio.h>

int main(int argc, char** argv)
{
  (void)argv;
#ifndef __GLIBC__
  return ((int*)(&__GLIBC__))[argc];
#else
  (void)argc;
  return 0;
#endif
}

Determining if the sched_getaffinity exist failed with the following output:
Change Dir: /Users/silence/Documents/Github/Me/iOS-Reverse/llvm/Source/llvm_build/CMakeFiles/CMakeTmp

Run Build Command(s):/usr/local/bin/ninja cmTC_ce503 && [1/2] Building C object CMakeFiles/cmTC_ce503.dir/CheckSymbolExists.c.o
FAILED: CMakeFiles/cmTC_ce503.dir/CheckSymbolExists.c.o 
/Applications/Xcode.app/Contents/Developer/Toolchains/XcodeDefault.xctoolchain/usr/bin/cc   -Werror=unguarded-availability-new -o CMakeFiles/cmTC_ce503.dir/CheckSymbolExists.c.o   -c CheckSymbolExists.c
CheckSymbolExists.c:8:19: error: use of undeclared identifier 'sched_getaffinity'
  return ((int*)(&sched_getaffinity))[argc];
                  ^
1 error generated.
ninja: build stopped: subcommand failed.


File /Users/silence/Documents/Github/Me/iOS-Reverse/llvm/Source/llvm_build/CMakeFiles/CMakeTmp/CheckSymbolExists.c:
/* */
#include <sched.h>

int main(int argc, char** argv)
{
  (void)argv;
#ifndef sched_getaffinity
  return ((int*)(&sched_getaffinity))[argc];
#else
  (void)argc;
  return 0;
#endif
}

Determining if the CPU_COUNT exist failed with the following output:
Change Dir: /Users/silence/Documents/Github/Me/iOS-Reverse/llvm/Source/llvm_build/CMakeFiles/CMakeTmp

Run Build Command(s):/usr/local/bin/ninja cmTC_d6f9c && [1/2] Building C object CMakeFiles/cmTC_d6f9c.dir/CheckSymbolExists.c.o
FAILED: CMakeFiles/cmTC_d6f9c.dir/CheckSymbolExists.c.o 
/Applications/Xcode.app/Contents/Developer/Toolchains/XcodeDefault.xctoolchain/usr/bin/cc   -Werror=unguarded-availability-new -o CMakeFiles/cmTC_d6f9c.dir/CheckSymbolExists.c.o   -c CheckSymbolExists.c
CheckSymbolExists.c:8:19: error: use of undeclared identifier 'CPU_COUNT'
  return ((int*)(&CPU_COUNT))[argc];
                  ^
1 error generated.
ninja: build stopped: subcommand failed.


File /Users/silence/Documents/Github/Me/iOS-Reverse/llvm/Source/llvm_build/CMakeFiles/CMakeTmp/CheckSymbolExists.c:
/* */
#include <sched.h>

int main(int argc, char** argv)
{
  (void)argv;
#ifndef CPU_COUNT
  return ((int*)(&CPU_COUNT))[argc];
#else
  (void)argc;
  return 0;
#endif
}

Performing C++ SOURCE FILE Test CXX_SUPPORTS_CLASS_MEMACCESS_FLAG failed with the following output:
Change Dir: /Users/silence/Documents/Github/Me/iOS-Reverse/llvm/Source/llvm_build/CMakeFiles/CMakeTmp

Run Build Command(s):/usr/local/bin/ninja cmTC_5e82f && [1/2] Building CXX object CMakeFiles/cmTC_5e82f.dir/src.cxx.o
warning: unknown warning option '-Wclass-memaccess'; did you mean '-Wclass-varargs'? [-Wunknown-warning-option]
1 warning generated.
[2/2] Linking CXX executable cmTC_5e82f


Source file was:
int main() { return 0; }
Performing C++ SOURCE FILE Test LINKER_SUPPORTS_COLOR_DIAGNOSTICS failed with the following output:
Change Dir: /Users/silence/Documents/Github/Me/iOS-Reverse/llvm/Source/llvm_build/CMakeFiles/CMakeTmp

Run Build Command(s):/usr/local/bin/ninja cmTC_f5815 && [1/2] Building CXX object CMakeFiles/cmTC_f5815.dir/src.cxx.o
[2/2] Linking CXX executable cmTC_f5815
FAILED: cmTC_f5815 
: && /Applications/Xcode.app/Contents/Developer/Toolchains/XcodeDefault.xctoolchain/usr/bin/c++  -fPIC -fvisibility-inlines-hidden -Werror=date-time -Werror=unguarded-availability-new -std=c++11 -Wall -Wextra -Wno-unused-parameter -Wwrite-strings -Wcast-qual -Wmissing-field-initializers -pedantic -Wno-long-long -Wimplicit-fallthrough -Wcovered-switch-default -Wno-noexcept-type -Wnon-virtual-dtor -Wdelete-non-virtual-dtor -Wstring-conversion -fdiagnostics-color -DLINKER_SUPPORTS_COLOR_DIAGNOSTICS  -Werror=unguarded-availability-new -Wl,-search_paths_first -Wl,-headerpad_max_install_names -Wl,--color-diagnostics CMakeFiles/cmTC_f5815.dir/src.cxx.o  -o cmTC_f5815  -lm && :
ld: unknown option: --color-diagnostics
clang: error: linker command failed with exit code 1 (use -v to see invocation)
ninja: build stopped: subcommand failed.


Source file was:
int main() { return 0; }
Determining if the os_signpost_interval_begin exist failed with the following output:
Change Dir: /Users/silence/Documents/Github/Me/iOS-Reverse/llvm/Source/llvm_build/CMakeFiles/CMakeTmp

Run Build Command(s):/usr/local/bin/ninja cmTC_a5a7f && [1/2] Building C object CMakeFiles/cmTC_a5a7f.dir/CheckSymbolExists.c.o
FAILED: CMakeFiles/cmTC_a5a7f.dir/CheckSymbolExists.c.o 
/Applications/Xcode.app/Contents/Developer/Toolchains/XcodeDefault.xctoolchain/usr/bin/cc   -fPIC -Werror=date-time -Werror=unguarded-availability-new -Wall -Wextra -Wno-unused-parameter -Wwrite-strings -Wmissing-field-initializers -pedantic -Wno-long-long -Wimplicit-fallthrough -Wcovered-switch-default -Wdelete-non-virtual-dtor -Wstring-conversion -fdiagnostics-color  -Werror=unguarded-availability-new -o CMakeFiles/cmTC_a5a7f.dir/CheckSymbolExists.c.o   -c CheckSymbolExists.c
CheckSymbolExists.c:2:10: fatal error: 'os/signpost.h' file not found
#include <os/signpost.h>
         ^~~~~~~~~~~~~~~
1 error generated.
ninja: build stopped: subcommand failed.


File /Users/silence/Documents/Github/Me/iOS-Reverse/llvm/Source/llvm_build/CMakeFiles/CMakeTmp/CheckSymbolExists.c:
/* */
#include <os/signpost.h>

int main(int argc, char** argv)
{
  (void)argv;
#ifndef os_signpost_interval_begin
  return ((int*)(&os_signpost_interval_begin))[argc];
#else
  (void)argc;
  return 0;
#endif
}

Performing C++ SOURCE FILE Test HAVE_CXX_FLAG_WD654 failed with the following output:
Change Dir: /Users/silence/Documents/Github/Me/iOS-Reverse/llvm/Source/llvm_build/CMakeFiles/CMakeTmp

Run Build Command(s):/usr/local/bin/ninja cmTC_5228f && [1/2] Building CXX object CMakeFiles/cmTC_5228f.dir/src.cxx.o
FAILED: CMakeFiles/cmTC_5228f.dir/src.cxx.o 
/Applications/Xcode.app/Contents/Developer/Toolchains/XcodeDefault.xctoolchain/usr/bin/c++    -fPIC -fvisibility-inlines-hidden -Werror=date-time -Werror=unguarded-availability-new -std=c++11 -Wall -Wextra -Wno-unused-parameter -Wwrite-strings -Wcast-qual -Wmissing-field-initializers -pedantic -Wno-long-long -Wimplicit-fallthrough -Wcovered-switch-default -Wno-noexcept-type -Wnon-virtual-dtor -Wdelete-non-virtual-dtor -Wstring-conversion -fdiagnostics-color  -std=c++11  -Wall  -Wextra  -Wshadow  -pedantic  -pedantic-errors  -Wshorten-64-to-32  -Wfloat-equal  -fstrict-aliasing  -fno-exceptions  -Wstrict-aliasing -DHAVE_CXX_FLAG_WD654  -Werror=unguarded-availability-new -wd654   -wd654 -o CMakeFiles/cmTC_5228f.dir/src.cxx.o -c src.cxx
clang: error: unknown argument: '-wd654'
clang: error: unknown argument: '-wd654'
ninja: build stopped: subcommand failed.


Source file was:
int main() { return 0; }
